[2023-04-24T18:06:58.578+0000] {processor.py:153} INFO - Started process (PID=87) to work on /home/airflow/.local/lib/python3.7/site-packages/airflow/example_dags/example_branch_labels.py
[2023-04-24T18:06:58.582+0000] {processor.py:743} INFO - Processing file /home/airflow/.local/lib/python3.7/site-packages/airflow/example_dags/example_branch_labels.py for tasks to queue
[2023-04-24T18:06:58.587+0000] {logging_mixin.py:137} INFO - [2023-04-24T18:06:58.587+0000] {dagbag.py:532} INFO - Filling up the DagBag from /home/airflow/.local/lib/python3.7/site-packages/airflow/example_dags/example_branch_labels.py
[2023-04-24T18:06:58.632+0000] {processor.py:753} INFO - DAG(s) dict_keys(['example_branch_labels']) retrieved from /home/airflow/.local/lib/python3.7/site-packages/airflow/example_dags/example_branch_labels.py
[2023-04-24T18:06:58.996+0000] {logging_mixin.py:137} INFO - [2023-04-24T18:06:58.996+0000] {manager.py:504} INFO - Created Permission View: can edit on DAG:example_branch_labels
[2023-04-24T18:06:59.033+0000] {logging_mixin.py:137} INFO - [2023-04-24T18:06:59.032+0000] {manager.py:504} INFO - Created Permission View: can delete on DAG:example_branch_labels
[2023-04-24T18:06:59.064+0000] {logging_mixin.py:137} INFO - [2023-04-24T18:06:59.064+0000] {manager.py:504} INFO - Created Permission View: can read on DAG:example_branch_labels
[2023-04-24T18:06:59.067+0000] {logging_mixin.py:137} INFO - [2023-04-24T18:06:59.067+0000] {dag.py:2705} INFO - Sync 1 DAGs
[2023-04-24T18:06:59.104+0000] {logging_mixin.py:137} INFO - [2023-04-24T18:06:59.104+0000] {dag.py:2726} INFO - Creating ORM DAG for example_branch_labels
[2023-04-24T18:06:59.131+0000] {logging_mixin.py:137} INFO - [2023-04-24T18:06:59.131+0000] {dag.py:3456} INFO - Setting next_dagrun for example_branch_labels to 2023-04-23T00:00:00+00:00, run_after=2023-04-24T00:00:00+00:00
[2023-04-24T18:06:59.175+0000] {processor.py:175} INFO - Processing /home/airflow/.local/lib/python3.7/site-packages/airflow/example_dags/example_branch_labels.py took 0.605 seconds
[2023-04-24T18:07:29.466+0000] {processor.py:153} INFO - Started process (PID=138) to work on /home/airflow/.local/lib/python3.7/site-packages/airflow/example_dags/example_branch_labels.py
[2023-04-24T18:07:29.470+0000] {processor.py:743} INFO - Processing file /home/airflow/.local/lib/python3.7/site-packages/airflow/example_dags/example_branch_labels.py for tasks to queue
[2023-04-24T18:07:29.474+0000] {logging_mixin.py:137} INFO - [2023-04-24T18:07:29.474+0000] {dagbag.py:532} INFO - Filling up the DagBag from /home/airflow/.local/lib/python3.7/site-packages/airflow/example_dags/example_branch_labels.py
[2023-04-24T18:07:29.498+0000] {processor.py:753} INFO - DAG(s) dict_keys(['example_branch_labels']) retrieved from /home/airflow/.local/lib/python3.7/site-packages/airflow/example_dags/example_branch_labels.py
[2023-04-24T18:07:29.541+0000] {logging_mixin.py:137} INFO - [2023-04-24T18:07:29.541+0000] {dag.py:2705} INFO - Sync 1 DAGs
[2023-04-24T18:07:29.584+0000] {logging_mixin.py:137} INFO - [2023-04-24T18:07:29.583+0000] {dag.py:3456} INFO - Setting next_dagrun for example_branch_labels to 2023-04-23T00:00:00+00:00, run_after=2023-04-24T00:00:00+00:00
[2023-04-24T18:07:29.611+0000] {processor.py:175} INFO - Processing /home/airflow/.local/lib/python3.7/site-packages/airflow/example_dags/example_branch_labels.py took 0.152 seconds
[2023-04-24T18:08:00.047+0000] {processor.py:153} INFO - Started process (PID=189) to work on /home/airflow/.local/lib/python3.7/site-packages/airflow/example_dags/example_branch_labels.py
[2023-04-24T18:08:00.050+0000] {processor.py:743} INFO - Processing file /home/airflow/.local/lib/python3.7/site-packages/airflow/example_dags/example_branch_labels.py for tasks to queue
[2023-04-24T18:08:00.051+0000] {logging_mixin.py:137} INFO - [2023-04-24T18:08:00.051+0000] {dagbag.py:532} INFO - Filling up the DagBag from /home/airflow/.local/lib/python3.7/site-packages/airflow/example_dags/example_branch_labels.py
[2023-04-24T18:08:00.071+0000] {processor.py:753} INFO - DAG(s) dict_keys(['example_branch_labels']) retrieved from /home/airflow/.local/lib/python3.7/site-packages/airflow/example_dags/example_branch_labels.py
[2023-04-24T18:08:00.110+0000] {logging_mixin.py:137} INFO - [2023-04-24T18:08:00.110+0000] {dag.py:2705} INFO - Sync 1 DAGs
[2023-04-24T18:08:00.146+0000] {logging_mixin.py:137} INFO - [2023-04-24T18:08:00.146+0000] {dag.py:3456} INFO - Setting next_dagrun for example_branch_labels to 2023-04-23T00:00:00+00:00, run_after=2023-04-24T00:00:00+00:00
[2023-04-24T18:08:00.171+0000] {processor.py:175} INFO - Processing /home/airflow/.local/lib/python3.7/site-packages/airflow/example_dags/example_branch_labels.py took 0.129 seconds
[2023-04-24T18:08:30.356+0000] {processor.py:153} INFO - Started process (PID=240) to work on /home/airflow/.local/lib/python3.7/site-packages/airflow/example_dags/example_branch_labels.py
[2023-04-24T18:08:30.359+0000] {processor.py:743} INFO - Processing file /home/airflow/.local/lib/python3.7/site-packages/airflow/example_dags/example_branch_labels.py for tasks to queue
[2023-04-24T18:08:30.361+0000] {logging_mixin.py:137} INFO - [2023-04-24T18:08:30.360+0000] {dagbag.py:532} INFO - Filling up the DagBag from /home/airflow/.local/lib/python3.7/site-packages/airflow/example_dags/example_branch_labels.py
[2023-04-24T18:08:30.381+0000] {processor.py:753} INFO - DAG(s) dict_keys(['example_branch_labels']) retrieved from /home/airflow/.local/lib/python3.7/site-packages/airflow/example_dags/example_branch_labels.py
[2023-04-24T18:08:30.420+0000] {logging_mixin.py:137} INFO - [2023-04-24T18:08:30.419+0000] {dag.py:2705} INFO - Sync 1 DAGs
[2023-04-24T18:08:30.457+0000] {logging_mixin.py:137} INFO - [2023-04-24T18:08:30.456+0000] {dag.py:3456} INFO - Setting next_dagrun for example_branch_labels to 2023-04-23T00:00:00+00:00, run_after=2023-04-24T00:00:00+00:00
[2023-04-24T18:08:30.481+0000] {processor.py:175} INFO - Processing /home/airflow/.local/lib/python3.7/site-packages/airflow/example_dags/example_branch_labels.py took 0.130 seconds
[2023-04-24T18:09:00.624+0000] {processor.py:153} INFO - Started process (PID=291) to work on /home/airflow/.local/lib/python3.7/site-packages/airflow/example_dags/example_branch_labels.py
[2023-04-24T18:09:00.626+0000] {processor.py:743} INFO - Processing file /home/airflow/.local/lib/python3.7/site-packages/airflow/example_dags/example_branch_labels.py for tasks to queue
[2023-04-24T18:09:00.628+0000] {logging_mixin.py:137} INFO - [2023-04-24T18:09:00.628+0000] {dagbag.py:532} INFO - Filling up the DagBag from /home/airflow/.local/lib/python3.7/site-packages/airflow/example_dags/example_branch_labels.py
[2023-04-24T18:09:00.647+0000] {processor.py:753} INFO - DAG(s) dict_keys(['example_branch_labels']) retrieved from /home/airflow/.local/lib/python3.7/site-packages/airflow/example_dags/example_branch_labels.py
[2023-04-24T18:09:00.683+0000] {logging_mixin.py:137} INFO - [2023-04-24T18:09:00.683+0000] {dag.py:2705} INFO - Sync 1 DAGs
[2023-04-24T18:09:00.719+0000] {logging_mixin.py:137} INFO - [2023-04-24T18:09:00.719+0000] {dag.py:3456} INFO - Setting next_dagrun for example_branch_labels to 2023-04-23T00:00:00+00:00, run_after=2023-04-24T00:00:00+00:00
[2023-04-24T18:09:00.746+0000] {processor.py:175} INFO - Processing /home/airflow/.local/lib/python3.7/site-packages/airflow/example_dags/example_branch_labels.py took 0.128 seconds
[2023-04-24T18:09:31.090+0000] {processor.py:153} INFO - Started process (PID=342) to work on /home/airflow/.local/lib/python3.7/site-packages/airflow/example_dags/example_branch_labels.py
[2023-04-24T18:09:31.093+0000] {processor.py:743} INFO - Processing file /home/airflow/.local/lib/python3.7/site-packages/airflow/example_dags/example_branch_labels.py for tasks to queue
[2023-04-24T18:09:31.095+0000] {logging_mixin.py:137} INFO - [2023-04-24T18:09:31.094+0000] {dagbag.py:532} INFO - Filling up the DagBag from /home/airflow/.local/lib/python3.7/site-packages/airflow/example_dags/example_branch_labels.py
[2023-04-24T18:09:31.114+0000] {processor.py:753} INFO - DAG(s) dict_keys(['example_branch_labels']) retrieved from /home/airflow/.local/lib/python3.7/site-packages/airflow/example_dags/example_branch_labels.py
[2023-04-24T18:09:31.153+0000] {logging_mixin.py:137} INFO - [2023-04-24T18:09:31.153+0000] {dag.py:2705} INFO - Sync 1 DAGs
[2023-04-24T18:09:31.191+0000] {logging_mixin.py:137} INFO - [2023-04-24T18:09:31.191+0000] {dag.py:3456} INFO - Setting next_dagrun for example_branch_labels to 2023-04-23T00:00:00+00:00, run_after=2023-04-24T00:00:00+00:00
[2023-04-24T18:09:31.215+0000] {processor.py:175} INFO - Processing /home/airflow/.local/lib/python3.7/site-packages/airflow/example_dags/example_branch_labels.py took 0.130 seconds
[2023-04-24T18:10:01.346+0000] {processor.py:153} INFO - Started process (PID=393) to work on /home/airflow/.local/lib/python3.7/site-packages/airflow/example_dags/example_branch_labels.py
[2023-04-24T18:10:01.348+0000] {processor.py:743} INFO - Processing file /home/airflow/.local/lib/python3.7/site-packages/airflow/example_dags/example_branch_labels.py for tasks to queue
[2023-04-24T18:10:01.350+0000] {logging_mixin.py:137} INFO - [2023-04-24T18:10:01.350+0000] {dagbag.py:532} INFO - Filling up the DagBag from /home/airflow/.local/lib/python3.7/site-packages/airflow/example_dags/example_branch_labels.py
[2023-04-24T18:10:01.370+0000] {processor.py:753} INFO - DAG(s) dict_keys(['example_branch_labels']) retrieved from /home/airflow/.local/lib/python3.7/site-packages/airflow/example_dags/example_branch_labels.py
[2023-04-24T18:10:01.408+0000] {logging_mixin.py:137} INFO - [2023-04-24T18:10:01.408+0000] {dag.py:2705} INFO - Sync 1 DAGs
[2023-04-24T18:10:01.445+0000] {logging_mixin.py:137} INFO - [2023-04-24T18:10:01.445+0000] {dag.py:3456} INFO - Setting next_dagrun for example_branch_labels to 2023-04-23T00:00:00+00:00, run_after=2023-04-24T00:00:00+00:00
[2023-04-24T18:10:01.468+0000] {processor.py:175} INFO - Processing /home/airflow/.local/lib/python3.7/site-packages/airflow/example_dags/example_branch_labels.py took 0.127 seconds
[2023-04-24T18:10:32.651+0000] {processor.py:153} INFO - Started process (PID=443) to work on /home/airflow/.local/lib/python3.7/site-packages/airflow/example_dags/example_branch_labels.py
[2023-04-24T18:10:32.654+0000] {processor.py:743} INFO - Processing file /home/airflow/.local/lib/python3.7/site-packages/airflow/example_dags/example_branch_labels.py for tasks to queue
[2023-04-24T18:10:32.658+0000] {logging_mixin.py:137} INFO - [2023-04-24T18:10:32.657+0000] {dagbag.py:532} INFO - Filling up the DagBag from /home/airflow/.local/lib/python3.7/site-packages/airflow/example_dags/example_branch_labels.py
[2023-04-24T18:10:32.690+0000] {processor.py:753} INFO - DAG(s) dict_keys(['example_branch_labels']) retrieved from /home/airflow/.local/lib/python3.7/site-packages/airflow/example_dags/example_branch_labels.py
[2023-04-24T18:10:32.737+0000] {logging_mixin.py:137} INFO - [2023-04-24T18:10:32.737+0000] {dag.py:2705} INFO - Sync 1 DAGs
[2023-04-24T18:10:32.792+0000] {logging_mixin.py:137} INFO - [2023-04-24T18:10:32.792+0000] {dag.py:3456} INFO - Setting next_dagrun for example_branch_labels to 2023-04-23T00:00:00+00:00, run_after=2023-04-24T00:00:00+00:00
[2023-04-24T18:10:32.823+0000] {processor.py:175} INFO - Processing /home/airflow/.local/lib/python3.7/site-packages/airflow/example_dags/example_branch_labels.py took 0.179 seconds
[2023-04-24T18:11:02.909+0000] {processor.py:153} INFO - Started process (PID=494) to work on /home/airflow/.local/lib/python3.7/site-packages/airflow/example_dags/example_branch_labels.py
[2023-04-24T18:11:02.911+0000] {processor.py:743} INFO - Processing file /home/airflow/.local/lib/python3.7/site-packages/airflow/example_dags/example_branch_labels.py for tasks to queue
[2023-04-24T18:11:02.913+0000] {logging_mixin.py:137} INFO - [2023-04-24T18:11:02.913+0000] {dagbag.py:532} INFO - Filling up the DagBag from /home/airflow/.local/lib/python3.7/site-packages/airflow/example_dags/example_branch_labels.py
[2023-04-24T18:11:02.933+0000] {processor.py:753} INFO - DAG(s) dict_keys(['example_branch_labels']) retrieved from /home/airflow/.local/lib/python3.7/site-packages/airflow/example_dags/example_branch_labels.py
[2023-04-24T18:11:02.971+0000] {logging_mixin.py:137} INFO - [2023-04-24T18:11:02.970+0000] {dag.py:2705} INFO - Sync 1 DAGs
[2023-04-24T18:11:03.006+0000] {logging_mixin.py:137} INFO - [2023-04-24T18:11:03.006+0000] {dag.py:3456} INFO - Setting next_dagrun for example_branch_labels to 2023-04-23T00:00:00+00:00, run_after=2023-04-24T00:00:00+00:00
[2023-04-24T18:11:03.030+0000] {processor.py:175} INFO - Processing /home/airflow/.local/lib/python3.7/site-packages/airflow/example_dags/example_branch_labels.py took 0.126 seconds
[2023-04-24T18:11:33.238+0000] {processor.py:153} INFO - Started process (PID=545) to work on /home/airflow/.local/lib/python3.7/site-packages/airflow/example_dags/example_branch_labels.py
[2023-04-24T18:11:33.241+0000] {processor.py:743} INFO - Processing file /home/airflow/.local/lib/python3.7/site-packages/airflow/example_dags/example_branch_labels.py for tasks to queue
[2023-04-24T18:11:33.243+0000] {logging_mixin.py:137} INFO - [2023-04-24T18:11:33.242+0000] {dagbag.py:532} INFO - Filling up the DagBag from /home/airflow/.local/lib/python3.7/site-packages/airflow/example_dags/example_branch_labels.py
[2023-04-24T18:11:33.264+0000] {processor.py:753} INFO - DAG(s) dict_keys(['example_branch_labels']) retrieved from /home/airflow/.local/lib/python3.7/site-packages/airflow/example_dags/example_branch_labels.py
[2023-04-24T18:11:33.299+0000] {logging_mixin.py:137} INFO - [2023-04-24T18:11:33.298+0000] {dag.py:2705} INFO - Sync 1 DAGs
[2023-04-24T18:11:33.335+0000] {logging_mixin.py:137} INFO - [2023-04-24T18:11:33.335+0000] {dag.py:3456} INFO - Setting next_dagrun for example_branch_labels to 2023-04-23T00:00:00+00:00, run_after=2023-04-24T00:00:00+00:00
[2023-04-24T18:11:33.358+0000] {processor.py:175} INFO - Processing /home/airflow/.local/lib/python3.7/site-packages/airflow/example_dags/example_branch_labels.py took 0.125 seconds
[2023-04-24T18:12:03.980+0000] {processor.py:153} INFO - Started process (PID=596) to work on /home/airflow/.local/lib/python3.7/site-packages/airflow/example_dags/example_branch_labels.py
[2023-04-24T18:12:03.982+0000] {processor.py:743} INFO - Processing file /home/airflow/.local/lib/python3.7/site-packages/airflow/example_dags/example_branch_labels.py for tasks to queue
[2023-04-24T18:12:03.984+0000] {logging_mixin.py:137} INFO - [2023-04-24T18:12:03.984+0000] {dagbag.py:532} INFO - Filling up the DagBag from /home/airflow/.local/lib/python3.7/site-packages/airflow/example_dags/example_branch_labels.py
[2023-04-24T18:12:04.004+0000] {processor.py:753} INFO - DAG(s) dict_keys(['example_branch_labels']) retrieved from /home/airflow/.local/lib/python3.7/site-packages/airflow/example_dags/example_branch_labels.py
[2023-04-24T18:12:04.043+0000] {logging_mixin.py:137} INFO - [2023-04-24T18:12:04.043+0000] {dag.py:2705} INFO - Sync 1 DAGs
[2023-04-24T18:12:04.079+0000] {logging_mixin.py:137} INFO - [2023-04-24T18:12:04.079+0000] {dag.py:3456} INFO - Setting next_dagrun for example_branch_labels to 2023-04-23T00:00:00+00:00, run_after=2023-04-24T00:00:00+00:00
[2023-04-24T18:12:04.108+0000] {processor.py:175} INFO - Processing /home/airflow/.local/lib/python3.7/site-packages/airflow/example_dags/example_branch_labels.py took 0.133 seconds
[2023-04-24T18:12:34.699+0000] {processor.py:153} INFO - Started process (PID=647) to work on /home/airflow/.local/lib/python3.7/site-packages/airflow/example_dags/example_branch_labels.py
[2023-04-24T18:12:34.702+0000] {processor.py:743} INFO - Processing file /home/airflow/.local/lib/python3.7/site-packages/airflow/example_dags/example_branch_labels.py for tasks to queue
[2023-04-24T18:12:34.705+0000] {logging_mixin.py:137} INFO - [2023-04-24T18:12:34.705+0000] {dagbag.py:532} INFO - Filling up the DagBag from /home/airflow/.local/lib/python3.7/site-packages/airflow/example_dags/example_branch_labels.py
[2023-04-24T18:12:34.731+0000] {processor.py:753} INFO - DAG(s) dict_keys(['example_branch_labels']) retrieved from /home/airflow/.local/lib/python3.7/site-packages/airflow/example_dags/example_branch_labels.py
[2023-04-24T18:12:34.780+0000] {logging_mixin.py:137} INFO - [2023-04-24T18:12:34.780+0000] {dag.py:2705} INFO - Sync 1 DAGs
[2023-04-24T18:12:34.819+0000] {logging_mixin.py:137} INFO - [2023-04-24T18:12:34.819+0000] {dag.py:3456} INFO - Setting next_dagrun for example_branch_labels to 2023-04-23T00:00:00+00:00, run_after=2023-04-24T00:00:00+00:00
[2023-04-24T18:12:34.847+0000] {processor.py:175} INFO - Processing /home/airflow/.local/lib/python3.7/site-packages/airflow/example_dags/example_branch_labels.py took 0.155 seconds
[2023-04-24T18:13:05.293+0000] {processor.py:153} INFO - Started process (PID=698) to work on /home/airflow/.local/lib/python3.7/site-packages/airflow/example_dags/example_branch_labels.py
[2023-04-24T18:13:05.295+0000] {processor.py:743} INFO - Processing file /home/airflow/.local/lib/python3.7/site-packages/airflow/example_dags/example_branch_labels.py for tasks to queue
[2023-04-24T18:13:05.297+0000] {logging_mixin.py:137} INFO - [2023-04-24T18:13:05.297+0000] {dagbag.py:532} INFO - Filling up the DagBag from /home/airflow/.local/lib/python3.7/site-packages/airflow/example_dags/example_branch_labels.py
[2023-04-24T18:13:05.317+0000] {processor.py:753} INFO - DAG(s) dict_keys(['example_branch_labels']) retrieved from /home/airflow/.local/lib/python3.7/site-packages/airflow/example_dags/example_branch_labels.py
[2023-04-24T18:13:05.354+0000] {logging_mixin.py:137} INFO - [2023-04-24T18:13:05.353+0000] {dag.py:2705} INFO - Sync 1 DAGs
[2023-04-24T18:13:05.390+0000] {logging_mixin.py:137} INFO - [2023-04-24T18:13:05.390+0000] {dag.py:3456} INFO - Setting next_dagrun for example_branch_labels to 2023-04-23T00:00:00+00:00, run_after=2023-04-24T00:00:00+00:00
[2023-04-24T18:13:05.414+0000] {processor.py:175} INFO - Processing /home/airflow/.local/lib/python3.7/site-packages/airflow/example_dags/example_branch_labels.py took 0.126 seconds
[2023-04-24T18:13:35.972+0000] {processor.py:153} INFO - Started process (PID=750) to work on /home/airflow/.local/lib/python3.7/site-packages/airflow/example_dags/example_branch_labels.py
[2023-04-24T18:13:35.975+0000] {processor.py:743} INFO - Processing file /home/airflow/.local/lib/python3.7/site-packages/airflow/example_dags/example_branch_labels.py for tasks to queue
[2023-04-24T18:13:35.977+0000] {logging_mixin.py:137} INFO - [2023-04-24T18:13:35.977+0000] {dagbag.py:532} INFO - Filling up the DagBag from /home/airflow/.local/lib/python3.7/site-packages/airflow/example_dags/example_branch_labels.py
[2023-04-24T18:13:35.999+0000] {processor.py:753} INFO - DAG(s) dict_keys(['example_branch_labels']) retrieved from /home/airflow/.local/lib/python3.7/site-packages/airflow/example_dags/example_branch_labels.py
[2023-04-24T18:13:36.036+0000] {logging_mixin.py:137} INFO - [2023-04-24T18:13:36.036+0000] {dag.py:2705} INFO - Sync 1 DAGs
[2023-04-24T18:13:36.072+0000] {logging_mixin.py:137} INFO - [2023-04-24T18:13:36.072+0000] {dag.py:3456} INFO - Setting next_dagrun for example_branch_labels to 2023-04-23T00:00:00+00:00, run_after=2023-04-24T00:00:00+00:00
[2023-04-24T18:13:36.097+0000] {processor.py:175} INFO - Processing /home/airflow/.local/lib/python3.7/site-packages/airflow/example_dags/example_branch_labels.py took 0.131 seconds
[2023-04-24T18:14:06.596+0000] {processor.py:153} INFO - Started process (PID=802) to work on /home/airflow/.local/lib/python3.7/site-packages/airflow/example_dags/example_branch_labels.py
[2023-04-24T18:14:06.599+0000] {processor.py:743} INFO - Processing file /home/airflow/.local/lib/python3.7/site-packages/airflow/example_dags/example_branch_labels.py for tasks to queue
[2023-04-24T18:14:06.601+0000] {logging_mixin.py:137} INFO - [2023-04-24T18:14:06.601+0000] {dagbag.py:532} INFO - Filling up the DagBag from /home/airflow/.local/lib/python3.7/site-packages/airflow/example_dags/example_branch_labels.py
[2023-04-24T18:14:06.622+0000] {processor.py:753} INFO - DAG(s) dict_keys(['example_branch_labels']) retrieved from /home/airflow/.local/lib/python3.7/site-packages/airflow/example_dags/example_branch_labels.py
[2023-04-24T18:14:06.665+0000] {logging_mixin.py:137} INFO - [2023-04-24T18:14:06.665+0000] {dag.py:2705} INFO - Sync 1 DAGs
[2023-04-24T18:14:06.703+0000] {logging_mixin.py:137} INFO - [2023-04-24T18:14:06.703+0000] {dag.py:3456} INFO - Setting next_dagrun for example_branch_labels to 2023-04-23T00:00:00+00:00, run_after=2023-04-24T00:00:00+00:00
[2023-04-24T18:14:06.728+0000] {processor.py:175} INFO - Processing /home/airflow/.local/lib/python3.7/site-packages/airflow/example_dags/example_branch_labels.py took 0.138 seconds
[2023-04-24T18:14:36.908+0000] {processor.py:153} INFO - Started process (PID=853) to work on /home/airflow/.local/lib/python3.7/site-packages/airflow/example_dags/example_branch_labels.py
[2023-04-24T18:14:36.910+0000] {processor.py:743} INFO - Processing file /home/airflow/.local/lib/python3.7/site-packages/airflow/example_dags/example_branch_labels.py for tasks to queue
[2023-04-24T18:14:36.912+0000] {logging_mixin.py:137} INFO - [2023-04-24T18:14:36.912+0000] {dagbag.py:532} INFO - Filling up the DagBag from /home/airflow/.local/lib/python3.7/site-packages/airflow/example_dags/example_branch_labels.py
[2023-04-24T18:14:36.932+0000] {processor.py:753} INFO - DAG(s) dict_keys(['example_branch_labels']) retrieved from /home/airflow/.local/lib/python3.7/site-packages/airflow/example_dags/example_branch_labels.py
[2023-04-24T18:14:36.968+0000] {logging_mixin.py:137} INFO - [2023-04-24T18:14:36.968+0000] {dag.py:2705} INFO - Sync 1 DAGs
[2023-04-24T18:14:37.003+0000] {logging_mixin.py:137} INFO - [2023-04-24T18:14:37.003+0000] {dag.py:3456} INFO - Setting next_dagrun for example_branch_labels to 2023-04-23T00:00:00+00:00, run_after=2023-04-24T00:00:00+00:00
[2023-04-24T18:14:37.028+0000] {processor.py:175} INFO - Processing /home/airflow/.local/lib/python3.7/site-packages/airflow/example_dags/example_branch_labels.py took 0.125 seconds
[2023-04-24T18:15:07.653+0000] {processor.py:153} INFO - Started process (PID=904) to work on /home/airflow/.local/lib/python3.7/site-packages/airflow/example_dags/example_branch_labels.py
[2023-04-24T18:15:07.655+0000] {processor.py:743} INFO - Processing file /home/airflow/.local/lib/python3.7/site-packages/airflow/example_dags/example_branch_labels.py for tasks to queue
[2023-04-24T18:15:07.658+0000] {logging_mixin.py:137} INFO - [2023-04-24T18:15:07.658+0000] {dagbag.py:532} INFO - Filling up the DagBag from /home/airflow/.local/lib/python3.7/site-packages/airflow/example_dags/example_branch_labels.py
[2023-04-24T18:15:07.679+0000] {processor.py:753} INFO - DAG(s) dict_keys(['example_branch_labels']) retrieved from /home/airflow/.local/lib/python3.7/site-packages/airflow/example_dags/example_branch_labels.py
[2023-04-24T18:15:07.716+0000] {logging_mixin.py:137} INFO - [2023-04-24T18:15:07.716+0000] {dag.py:2705} INFO - Sync 1 DAGs
[2023-04-24T18:15:07.752+0000] {logging_mixin.py:137} INFO - [2023-04-24T18:15:07.752+0000] {dag.py:3456} INFO - Setting next_dagrun for example_branch_labels to 2023-04-23T00:00:00+00:00, run_after=2023-04-24T00:00:00+00:00
[2023-04-24T18:15:07.777+0000] {processor.py:175} INFO - Processing /home/airflow/.local/lib/python3.7/site-packages/airflow/example_dags/example_branch_labels.py took 0.131 seconds
[2023-04-24T18:15:37.931+0000] {processor.py:153} INFO - Started process (PID=955) to work on /home/airflow/.local/lib/python3.7/site-packages/airflow/example_dags/example_branch_labels.py
[2023-04-24T18:15:37.933+0000] {processor.py:743} INFO - Processing file /home/airflow/.local/lib/python3.7/site-packages/airflow/example_dags/example_branch_labels.py for tasks to queue
[2023-04-24T18:15:37.935+0000] {logging_mixin.py:137} INFO - [2023-04-24T18:15:37.935+0000] {dagbag.py:532} INFO - Filling up the DagBag from /home/airflow/.local/lib/python3.7/site-packages/airflow/example_dags/example_branch_labels.py
[2023-04-24T18:15:37.954+0000] {processor.py:753} INFO - DAG(s) dict_keys(['example_branch_labels']) retrieved from /home/airflow/.local/lib/python3.7/site-packages/airflow/example_dags/example_branch_labels.py
[2023-04-24T18:15:37.991+0000] {logging_mixin.py:137} INFO - [2023-04-24T18:15:37.991+0000] {dag.py:2705} INFO - Sync 1 DAGs
[2023-04-24T18:15:38.027+0000] {logging_mixin.py:137} INFO - [2023-04-24T18:15:38.027+0000] {dag.py:3456} INFO - Setting next_dagrun for example_branch_labels to 2023-04-23T00:00:00+00:00, run_after=2023-04-24T00:00:00+00:00
[2023-04-24T18:15:38.049+0000] {processor.py:175} INFO - Processing /home/airflow/.local/lib/python3.7/site-packages/airflow/example_dags/example_branch_labels.py took 0.125 seconds
[2023-04-24T18:16:08.344+0000] {processor.py:153} INFO - Started process (PID=1006) to work on /home/airflow/.local/lib/python3.7/site-packages/airflow/example_dags/example_branch_labels.py
[2023-04-24T18:16:08.346+0000] {processor.py:743} INFO - Processing file /home/airflow/.local/lib/python3.7/site-packages/airflow/example_dags/example_branch_labels.py for tasks to queue
[2023-04-24T18:16:08.349+0000] {logging_mixin.py:137} INFO - [2023-04-24T18:16:08.348+0000] {dagbag.py:532} INFO - Filling up the DagBag from /home/airflow/.local/lib/python3.7/site-packages/airflow/example_dags/example_branch_labels.py
[2023-04-24T18:16:08.368+0000] {processor.py:753} INFO - DAG(s) dict_keys(['example_branch_labels']) retrieved from /home/airflow/.local/lib/python3.7/site-packages/airflow/example_dags/example_branch_labels.py
[2023-04-24T18:16:08.406+0000] {logging_mixin.py:137} INFO - [2023-04-24T18:16:08.405+0000] {dag.py:2705} INFO - Sync 1 DAGs
[2023-04-24T18:16:08.442+0000] {logging_mixin.py:137} INFO - [2023-04-24T18:16:08.442+0000] {dag.py:3456} INFO - Setting next_dagrun for example_branch_labels to 2023-04-23T00:00:00+00:00, run_after=2023-04-24T00:00:00+00:00
[2023-04-24T18:16:08.469+0000] {processor.py:175} INFO - Processing /home/airflow/.local/lib/python3.7/site-packages/airflow/example_dags/example_branch_labels.py took 0.131 seconds
[2023-04-24T18:16:38.729+0000] {processor.py:153} INFO - Started process (PID=1057) to work on /home/airflow/.local/lib/python3.7/site-packages/airflow/example_dags/example_branch_labels.py
[2023-04-24T18:16:38.731+0000] {processor.py:743} INFO - Processing file /home/airflow/.local/lib/python3.7/site-packages/airflow/example_dags/example_branch_labels.py for tasks to queue
[2023-04-24T18:16:38.733+0000] {logging_mixin.py:137} INFO - [2023-04-24T18:16:38.733+0000] {dagbag.py:532} INFO - Filling up the DagBag from /home/airflow/.local/lib/python3.7/site-packages/airflow/example_dags/example_branch_labels.py
[2023-04-24T18:16:38.752+0000] {processor.py:753} INFO - DAG(s) dict_keys(['example_branch_labels']) retrieved from /home/airflow/.local/lib/python3.7/site-packages/airflow/example_dags/example_branch_labels.py
[2023-04-24T18:16:38.790+0000] {logging_mixin.py:137} INFO - [2023-04-24T18:16:38.790+0000] {dag.py:2705} INFO - Sync 1 DAGs
[2023-04-24T18:16:38.826+0000] {logging_mixin.py:137} INFO - [2023-04-24T18:16:38.826+0000] {dag.py:3456} INFO - Setting next_dagrun for example_branch_labels to 2023-04-23T00:00:00+00:00, run_after=2023-04-24T00:00:00+00:00
[2023-04-24T18:16:38.852+0000] {processor.py:175} INFO - Processing /home/airflow/.local/lib/python3.7/site-packages/airflow/example_dags/example_branch_labels.py took 0.129 seconds
[2023-04-24T18:17:09.262+0000] {processor.py:153} INFO - Started process (PID=1109) to work on /home/airflow/.local/lib/python3.7/site-packages/airflow/example_dags/example_branch_labels.py
[2023-04-24T18:17:09.269+0000] {processor.py:743} INFO - Processing file /home/airflow/.local/lib/python3.7/site-packages/airflow/example_dags/example_branch_labels.py for tasks to queue
[2023-04-24T18:17:09.273+0000] {logging_mixin.py:137} INFO - [2023-04-24T18:17:09.273+0000] {dagbag.py:532} INFO - Filling up the DagBag from /home/airflow/.local/lib/python3.7/site-packages/airflow/example_dags/example_branch_labels.py
[2023-04-24T18:17:09.315+0000] {processor.py:753} INFO - DAG(s) dict_keys(['example_branch_labels']) retrieved from /home/airflow/.local/lib/python3.7/site-packages/airflow/example_dags/example_branch_labels.py
[2023-04-24T18:17:09.392+0000] {logging_mixin.py:137} INFO - [2023-04-24T18:17:09.392+0000] {dag.py:2705} INFO - Sync 1 DAGs
[2023-04-24T18:17:09.465+0000] {logging_mixin.py:137} INFO - [2023-04-24T18:17:09.465+0000] {dag.py:3456} INFO - Setting next_dagrun for example_branch_labels to 2023-04-23T00:00:00+00:00, run_after=2023-04-24T00:00:00+00:00
[2023-04-24T18:17:09.497+0000] {processor.py:175} INFO - Processing /home/airflow/.local/lib/python3.7/site-packages/airflow/example_dags/example_branch_labels.py took 0.241 seconds
[2023-04-24T18:17:40.150+0000] {processor.py:153} INFO - Started process (PID=1161) to work on /home/airflow/.local/lib/python3.7/site-packages/airflow/example_dags/example_branch_labels.py
[2023-04-24T18:17:40.155+0000] {processor.py:743} INFO - Processing file /home/airflow/.local/lib/python3.7/site-packages/airflow/example_dags/example_branch_labels.py for tasks to queue
[2023-04-24T18:17:40.157+0000] {logging_mixin.py:137} INFO - [2023-04-24T18:17:40.157+0000] {dagbag.py:532} INFO - Filling up the DagBag from /home/airflow/.local/lib/python3.7/site-packages/airflow/example_dags/example_branch_labels.py
[2023-04-24T18:17:40.185+0000] {processor.py:753} INFO - DAG(s) dict_keys(['example_branch_labels']) retrieved from /home/airflow/.local/lib/python3.7/site-packages/airflow/example_dags/example_branch_labels.py
[2023-04-24T18:17:40.225+0000] {logging_mixin.py:137} INFO - [2023-04-24T18:17:40.224+0000] {dag.py:2705} INFO - Sync 1 DAGs
[2023-04-24T18:17:40.265+0000] {logging_mixin.py:137} INFO - [2023-04-24T18:17:40.265+0000] {dag.py:3456} INFO - Setting next_dagrun for example_branch_labels to 2023-04-23T00:00:00+00:00, run_after=2023-04-24T00:00:00+00:00
[2023-04-24T18:17:40.292+0000] {processor.py:175} INFO - Processing /home/airflow/.local/lib/python3.7/site-packages/airflow/example_dags/example_branch_labels.py took 0.147 seconds
[2023-04-24T18:18:10.602+0000] {processor.py:153} INFO - Started process (PID=1212) to work on /home/airflow/.local/lib/python3.7/site-packages/airflow/example_dags/example_branch_labels.py
[2023-04-24T18:18:10.605+0000] {processor.py:743} INFO - Processing file /home/airflow/.local/lib/python3.7/site-packages/airflow/example_dags/example_branch_labels.py for tasks to queue
[2023-04-24T18:18:10.607+0000] {logging_mixin.py:137} INFO - [2023-04-24T18:18:10.606+0000] {dagbag.py:532} INFO - Filling up the DagBag from /home/airflow/.local/lib/python3.7/site-packages/airflow/example_dags/example_branch_labels.py
[2023-04-24T18:18:10.628+0000] {processor.py:753} INFO - DAG(s) dict_keys(['example_branch_labels']) retrieved from /home/airflow/.local/lib/python3.7/site-packages/airflow/example_dags/example_branch_labels.py
[2023-04-24T18:18:10.665+0000] {logging_mixin.py:137} INFO - [2023-04-24T18:18:10.664+0000] {dag.py:2705} INFO - Sync 1 DAGs
[2023-04-24T18:18:10.703+0000] {logging_mixin.py:137} INFO - [2023-04-24T18:18:10.703+0000] {dag.py:3456} INFO - Setting next_dagrun for example_branch_labels to 2023-04-23T00:00:00+00:00, run_after=2023-04-24T00:00:00+00:00
[2023-04-24T18:18:10.728+0000] {processor.py:175} INFO - Processing /home/airflow/.local/lib/python3.7/site-packages/airflow/example_dags/example_branch_labels.py took 0.131 seconds
[2023-04-24T18:18:41.361+0000] {processor.py:153} INFO - Started process (PID=1263) to work on /home/airflow/.local/lib/python3.7/site-packages/airflow/example_dags/example_branch_labels.py
[2023-04-24T18:18:41.363+0000] {processor.py:743} INFO - Processing file /home/airflow/.local/lib/python3.7/site-packages/airflow/example_dags/example_branch_labels.py for tasks to queue
[2023-04-24T18:18:41.365+0000] {logging_mixin.py:137} INFO - [2023-04-24T18:18:41.365+0000] {dagbag.py:532} INFO - Filling up the DagBag from /home/airflow/.local/lib/python3.7/site-packages/airflow/example_dags/example_branch_labels.py
[2023-04-24T18:18:41.385+0000] {processor.py:753} INFO - DAG(s) dict_keys(['example_branch_labels']) retrieved from /home/airflow/.local/lib/python3.7/site-packages/airflow/example_dags/example_branch_labels.py
[2023-04-24T18:18:41.424+0000] {logging_mixin.py:137} INFO - [2023-04-24T18:18:41.423+0000] {dag.py:2705} INFO - Sync 1 DAGs
[2023-04-24T18:18:41.462+0000] {logging_mixin.py:137} INFO - [2023-04-24T18:18:41.462+0000] {dag.py:3456} INFO - Setting next_dagrun for example_branch_labels to 2023-04-23T00:00:00+00:00, run_after=2023-04-24T00:00:00+00:00
[2023-04-24T18:18:41.488+0000] {processor.py:175} INFO - Processing /home/airflow/.local/lib/python3.7/site-packages/airflow/example_dags/example_branch_labels.py took 0.131 seconds
[2023-04-24T18:19:12.113+0000] {processor.py:153} INFO - Started process (PID=1314) to work on /home/airflow/.local/lib/python3.7/site-packages/airflow/example_dags/example_branch_labels.py
[2023-04-24T18:19:12.115+0000] {processor.py:743} INFO - Processing file /home/airflow/.local/lib/python3.7/site-packages/airflow/example_dags/example_branch_labels.py for tasks to queue
[2023-04-24T18:19:12.117+0000] {logging_mixin.py:137} INFO - [2023-04-24T18:19:12.117+0000] {dagbag.py:532} INFO - Filling up the DagBag from /home/airflow/.local/lib/python3.7/site-packages/airflow/example_dags/example_branch_labels.py
[2023-04-24T18:19:12.138+0000] {processor.py:753} INFO - DAG(s) dict_keys(['example_branch_labels']) retrieved from /home/airflow/.local/lib/python3.7/site-packages/airflow/example_dags/example_branch_labels.py
[2023-04-24T18:19:12.184+0000] {logging_mixin.py:137} INFO - [2023-04-24T18:19:12.184+0000] {dag.py:2705} INFO - Sync 1 DAGs
[2023-04-24T18:19:12.221+0000] {logging_mixin.py:137} INFO - [2023-04-24T18:19:12.221+0000] {dag.py:3456} INFO - Setting next_dagrun for example_branch_labels to 2023-04-23T00:00:00+00:00, run_after=2023-04-24T00:00:00+00:00
[2023-04-24T18:19:12.250+0000] {processor.py:175} INFO - Processing /home/airflow/.local/lib/python3.7/site-packages/airflow/example_dags/example_branch_labels.py took 0.144 seconds
[2023-04-24T18:19:42.812+0000] {processor.py:153} INFO - Started process (PID=1365) to work on /home/airflow/.local/lib/python3.7/site-packages/airflow/example_dags/example_branch_labels.py
[2023-04-24T18:19:42.815+0000] {processor.py:743} INFO - Processing file /home/airflow/.local/lib/python3.7/site-packages/airflow/example_dags/example_branch_labels.py for tasks to queue
[2023-04-24T18:19:42.817+0000] {logging_mixin.py:137} INFO - [2023-04-24T18:19:42.817+0000] {dagbag.py:532} INFO - Filling up the DagBag from /home/airflow/.local/lib/python3.7/site-packages/airflow/example_dags/example_branch_labels.py
[2023-04-24T18:19:42.837+0000] {processor.py:753} INFO - DAG(s) dict_keys(['example_branch_labels']) retrieved from /home/airflow/.local/lib/python3.7/site-packages/airflow/example_dags/example_branch_labels.py
[2023-04-24T18:19:42.876+0000] {logging_mixin.py:137} INFO - [2023-04-24T18:19:42.876+0000] {dag.py:2705} INFO - Sync 1 DAGs
[2023-04-24T18:19:42.913+0000] {logging_mixin.py:137} INFO - [2023-04-24T18:19:42.912+0000] {dag.py:3456} INFO - Setting next_dagrun for example_branch_labels to 2023-04-23T00:00:00+00:00, run_after=2023-04-24T00:00:00+00:00
[2023-04-24T18:19:42.939+0000] {processor.py:175} INFO - Processing /home/airflow/.local/lib/python3.7/site-packages/airflow/example_dags/example_branch_labels.py took 0.132 seconds
[2023-04-24T18:20:13.911+0000] {processor.py:153} INFO - Started process (PID=1416) to work on /home/airflow/.local/lib/python3.7/site-packages/airflow/example_dags/example_branch_labels.py
[2023-04-24T18:20:13.913+0000] {processor.py:743} INFO - Processing file /home/airflow/.local/lib/python3.7/site-packages/airflow/example_dags/example_branch_labels.py for tasks to queue
[2023-04-24T18:20:13.915+0000] {logging_mixin.py:137} INFO - [2023-04-24T18:20:13.915+0000] {dagbag.py:532} INFO - Filling up the DagBag from /home/airflow/.local/lib/python3.7/site-packages/airflow/example_dags/example_branch_labels.py
[2023-04-24T18:20:13.936+0000] {processor.py:753} INFO - DAG(s) dict_keys(['example_branch_labels']) retrieved from /home/airflow/.local/lib/python3.7/site-packages/airflow/example_dags/example_branch_labels.py
[2023-04-24T18:20:13.982+0000] {logging_mixin.py:137} INFO - [2023-04-24T18:20:13.982+0000] {dag.py:2705} INFO - Sync 1 DAGs
[2023-04-24T18:20:14.032+0000] {logging_mixin.py:137} INFO - [2023-04-24T18:20:14.032+0000] {dag.py:3456} INFO - Setting next_dagrun for example_branch_labels to 2023-04-23T00:00:00+00:00, run_after=2023-04-24T00:00:00+00:00
[2023-04-24T18:20:14.063+0000] {processor.py:175} INFO - Processing /home/airflow/.local/lib/python3.7/site-packages/airflow/example_dags/example_branch_labels.py took 0.158 seconds
[2023-04-24T18:20:44.297+0000] {processor.py:153} INFO - Started process (PID=1467) to work on /home/airflow/.local/lib/python3.7/site-packages/airflow/example_dags/example_branch_labels.py
[2023-04-24T18:20:44.299+0000] {processor.py:743} INFO - Processing file /home/airflow/.local/lib/python3.7/site-packages/airflow/example_dags/example_branch_labels.py for tasks to queue
[2023-04-24T18:20:44.302+0000] {logging_mixin.py:137} INFO - [2023-04-24T18:20:44.302+0000] {dagbag.py:532} INFO - Filling up the DagBag from /home/airflow/.local/lib/python3.7/site-packages/airflow/example_dags/example_branch_labels.py
[2023-04-24T18:20:44.322+0000] {processor.py:753} INFO - DAG(s) dict_keys(['example_branch_labels']) retrieved from /home/airflow/.local/lib/python3.7/site-packages/airflow/example_dags/example_branch_labels.py
[2023-04-24T18:20:44.359+0000] {logging_mixin.py:137} INFO - [2023-04-24T18:20:44.359+0000] {dag.py:2705} INFO - Sync 1 DAGs
[2023-04-24T18:20:44.396+0000] {logging_mixin.py:137} INFO - [2023-04-24T18:20:44.395+0000] {dag.py:3456} INFO - Setting next_dagrun for example_branch_labels to 2023-04-23T00:00:00+00:00, run_after=2023-04-24T00:00:00+00:00
[2023-04-24T18:20:44.418+0000] {processor.py:175} INFO - Processing /home/airflow/.local/lib/python3.7/site-packages/airflow/example_dags/example_branch_labels.py took 0.127 seconds
[2023-04-24T18:21:14.638+0000] {processor.py:153} INFO - Started process (PID=1518) to work on /home/airflow/.local/lib/python3.7/site-packages/airflow/example_dags/example_branch_labels.py
[2023-04-24T18:21:14.640+0000] {processor.py:743} INFO - Processing file /home/airflow/.local/lib/python3.7/site-packages/airflow/example_dags/example_branch_labels.py for tasks to queue
[2023-04-24T18:21:14.643+0000] {logging_mixin.py:137} INFO - [2023-04-24T18:21:14.643+0000] {dagbag.py:532} INFO - Filling up the DagBag from /home/airflow/.local/lib/python3.7/site-packages/airflow/example_dags/example_branch_labels.py
[2023-04-24T18:21:14.664+0000] {processor.py:753} INFO - DAG(s) dict_keys(['example_branch_labels']) retrieved from /home/airflow/.local/lib/python3.7/site-packages/airflow/example_dags/example_branch_labels.py
[2023-04-24T18:21:14.703+0000] {logging_mixin.py:137} INFO - [2023-04-24T18:21:14.703+0000] {dag.py:2705} INFO - Sync 1 DAGs
[2023-04-24T18:21:14.751+0000] {logging_mixin.py:137} INFO - [2023-04-24T18:21:14.751+0000] {dag.py:3456} INFO - Setting next_dagrun for example_branch_labels to 2023-04-23T00:00:00+00:00, run_after=2023-04-24T00:00:00+00:00
[2023-04-24T18:21:14.796+0000] {processor.py:175} INFO - Processing /home/airflow/.local/lib/python3.7/site-packages/airflow/example_dags/example_branch_labels.py took 0.164 seconds
[2023-04-24T18:21:44.969+0000] {processor.py:153} INFO - Started process (PID=1569) to work on /home/airflow/.local/lib/python3.7/site-packages/airflow/example_dags/example_branch_labels.py
[2023-04-24T18:21:44.973+0000] {processor.py:743} INFO - Processing file /home/airflow/.local/lib/python3.7/site-packages/airflow/example_dags/example_branch_labels.py for tasks to queue
[2023-04-24T18:21:44.976+0000] {logging_mixin.py:137} INFO - [2023-04-24T18:21:44.976+0000] {dagbag.py:532} INFO - Filling up the DagBag from /home/airflow/.local/lib/python3.7/site-packages/airflow/example_dags/example_branch_labels.py
[2023-04-24T18:21:44.996+0000] {processor.py:753} INFO - DAG(s) dict_keys(['example_branch_labels']) retrieved from /home/airflow/.local/lib/python3.7/site-packages/airflow/example_dags/example_branch_labels.py
[2023-04-24T18:21:45.035+0000] {logging_mixin.py:137} INFO - [2023-04-24T18:21:45.034+0000] {dag.py:2705} INFO - Sync 1 DAGs
[2023-04-24T18:21:45.072+0000] {logging_mixin.py:137} INFO - [2023-04-24T18:21:45.072+0000] {dag.py:3456} INFO - Setting next_dagrun for example_branch_labels to 2023-04-23T00:00:00+00:00, run_after=2023-04-24T00:00:00+00:00
[2023-04-24T18:21:45.102+0000] {processor.py:175} INFO - Processing /home/airflow/.local/lib/python3.7/site-packages/airflow/example_dags/example_branch_labels.py took 0.140 seconds
[2023-04-24T18:22:15.967+0000] {processor.py:153} INFO - Started process (PID=1620) to work on /home/airflow/.local/lib/python3.7/site-packages/airflow/example_dags/example_branch_labels.py
[2023-04-24T18:22:15.975+0000] {processor.py:743} INFO - Processing file /home/airflow/.local/lib/python3.7/site-packages/airflow/example_dags/example_branch_labels.py for tasks to queue
[2023-04-24T18:22:15.978+0000] {logging_mixin.py:137} INFO - [2023-04-24T18:22:15.977+0000] {dagbag.py:532} INFO - Filling up the DagBag from /home/airflow/.local/lib/python3.7/site-packages/airflow/example_dags/example_branch_labels.py
[2023-04-24T18:22:16.005+0000] {processor.py:753} INFO - DAG(s) dict_keys(['example_branch_labels']) retrieved from /home/airflow/.local/lib/python3.7/site-packages/airflow/example_dags/example_branch_labels.py
[2023-04-24T18:22:16.049+0000] {logging_mixin.py:137} INFO - [2023-04-24T18:22:16.049+0000] {dag.py:2705} INFO - Sync 1 DAGs
[2023-04-24T18:22:16.093+0000] {logging_mixin.py:137} INFO - [2023-04-24T18:22:16.093+0000] {dag.py:3456} INFO - Setting next_dagrun for example_branch_labels to 2023-04-23T00:00:00+00:00, run_after=2023-04-24T00:00:00+00:00
[2023-04-24T18:22:16.126+0000] {processor.py:175} INFO - Processing /home/airflow/.local/lib/python3.7/site-packages/airflow/example_dags/example_branch_labels.py took 0.165 seconds
[2023-04-24T18:22:46.397+0000] {processor.py:153} INFO - Started process (PID=1671) to work on /home/airflow/.local/lib/python3.7/site-packages/airflow/example_dags/example_branch_labels.py
[2023-04-24T18:22:46.400+0000] {processor.py:743} INFO - Processing file /home/airflow/.local/lib/python3.7/site-packages/airflow/example_dags/example_branch_labels.py for tasks to queue
[2023-04-24T18:22:46.403+0000] {logging_mixin.py:137} INFO - [2023-04-24T18:22:46.403+0000] {dagbag.py:532} INFO - Filling up the DagBag from /home/airflow/.local/lib/python3.7/site-packages/airflow/example_dags/example_branch_labels.py
[2023-04-24T18:22:46.431+0000] {processor.py:753} INFO - DAG(s) dict_keys(['example_branch_labels']) retrieved from /home/airflow/.local/lib/python3.7/site-packages/airflow/example_dags/example_branch_labels.py
[2023-04-24T18:22:46.481+0000] {logging_mixin.py:137} INFO - [2023-04-24T18:22:46.481+0000] {dag.py:2705} INFO - Sync 1 DAGs
[2023-04-24T18:22:46.520+0000] {logging_mixin.py:137} INFO - [2023-04-24T18:22:46.520+0000] {dag.py:3456} INFO - Setting next_dagrun for example_branch_labels to 2023-04-23T00:00:00+00:00, run_after=2023-04-24T00:00:00+00:00
[2023-04-24T18:22:46.545+0000] {processor.py:175} INFO - Processing /home/airflow/.local/lib/python3.7/site-packages/airflow/example_dags/example_branch_labels.py took 0.155 seconds
[2023-04-24T18:23:16.710+0000] {processor.py:153} INFO - Started process (PID=1722) to work on /home/airflow/.local/lib/python3.7/site-packages/airflow/example_dags/example_branch_labels.py
[2023-04-24T18:23:16.713+0000] {processor.py:743} INFO - Processing file /home/airflow/.local/lib/python3.7/site-packages/airflow/example_dags/example_branch_labels.py for tasks to queue
[2023-04-24T18:23:16.715+0000] {logging_mixin.py:137} INFO - [2023-04-24T18:23:16.715+0000] {dagbag.py:532} INFO - Filling up the DagBag from /home/airflow/.local/lib/python3.7/site-packages/airflow/example_dags/example_branch_labels.py
[2023-04-24T18:23:16.739+0000] {processor.py:753} INFO - DAG(s) dict_keys(['example_branch_labels']) retrieved from /home/airflow/.local/lib/python3.7/site-packages/airflow/example_dags/example_branch_labels.py
[2023-04-24T18:23:16.785+0000] {logging_mixin.py:137} INFO - [2023-04-24T18:23:16.785+0000] {dag.py:2705} INFO - Sync 1 DAGs
[2023-04-24T18:23:16.826+0000] {logging_mixin.py:137} INFO - [2023-04-24T18:23:16.826+0000] {dag.py:3456} INFO - Setting next_dagrun for example_branch_labels to 2023-04-23T00:00:00+00:00, run_after=2023-04-24T00:00:00+00:00
[2023-04-24T18:23:16.854+0000] {processor.py:175} INFO - Processing /home/airflow/.local/lib/python3.7/site-packages/airflow/example_dags/example_branch_labels.py took 0.151 seconds
[2023-04-24T18:23:47.008+0000] {processor.py:153} INFO - Started process (PID=1773) to work on /home/airflow/.local/lib/python3.7/site-packages/airflow/example_dags/example_branch_labels.py
[2023-04-24T18:23:47.011+0000] {processor.py:743} INFO - Processing file /home/airflow/.local/lib/python3.7/site-packages/airflow/example_dags/example_branch_labels.py for tasks to queue
[2023-04-24T18:23:47.014+0000] {logging_mixin.py:137} INFO - [2023-04-24T18:23:47.014+0000] {dagbag.py:532} INFO - Filling up the DagBag from /home/airflow/.local/lib/python3.7/site-packages/airflow/example_dags/example_branch_labels.py
[2023-04-24T18:23:47.034+0000] {processor.py:753} INFO - DAG(s) dict_keys(['example_branch_labels']) retrieved from /home/airflow/.local/lib/python3.7/site-packages/airflow/example_dags/example_branch_labels.py
[2023-04-24T18:23:47.074+0000] {logging_mixin.py:137} INFO - [2023-04-24T18:23:47.073+0000] {dag.py:2705} INFO - Sync 1 DAGs
[2023-04-24T18:23:47.113+0000] {logging_mixin.py:137} INFO - [2023-04-24T18:23:47.113+0000] {dag.py:3456} INFO - Setting next_dagrun for example_branch_labels to 2023-04-23T00:00:00+00:00, run_after=2023-04-24T00:00:00+00:00
[2023-04-24T18:23:47.140+0000] {processor.py:175} INFO - Processing /home/airflow/.local/lib/python3.7/site-packages/airflow/example_dags/example_branch_labels.py took 0.139 seconds
[2023-04-24T18:24:17.191+0000] {processor.py:153} INFO - Started process (PID=1825) to work on /home/airflow/.local/lib/python3.7/site-packages/airflow/example_dags/example_branch_labels.py
[2023-04-24T18:24:17.194+0000] {processor.py:743} INFO - Processing file /home/airflow/.local/lib/python3.7/site-packages/airflow/example_dags/example_branch_labels.py for tasks to queue
[2023-04-24T18:24:17.195+0000] {logging_mixin.py:137} INFO - [2023-04-24T18:24:17.195+0000] {dagbag.py:532} INFO - Filling up the DagBag from /home/airflow/.local/lib/python3.7/site-packages/airflow/example_dags/example_branch_labels.py
[2023-04-24T18:24:17.217+0000] {processor.py:753} INFO - DAG(s) dict_keys(['example_branch_labels']) retrieved from /home/airflow/.local/lib/python3.7/site-packages/airflow/example_dags/example_branch_labels.py
[2023-04-24T18:24:17.256+0000] {logging_mixin.py:137} INFO - [2023-04-24T18:24:17.256+0000] {dag.py:2705} INFO - Sync 1 DAGs
[2023-04-24T18:24:17.292+0000] {logging_mixin.py:137} INFO - [2023-04-24T18:24:17.292+0000] {dag.py:3456} INFO - Setting next_dagrun for example_branch_labels to 2023-04-23T00:00:00+00:00, run_after=2023-04-24T00:00:00+00:00
[2023-04-24T18:24:17.317+0000] {processor.py:175} INFO - Processing /home/airflow/.local/lib/python3.7/site-packages/airflow/example_dags/example_branch_labels.py took 0.131 seconds
[2023-04-24T18:24:47.464+0000] {processor.py:153} INFO - Started process (PID=1876) to work on /home/airflow/.local/lib/python3.7/site-packages/airflow/example_dags/example_branch_labels.py
[2023-04-24T18:24:47.467+0000] {processor.py:743} INFO - Processing file /home/airflow/.local/lib/python3.7/site-packages/airflow/example_dags/example_branch_labels.py for tasks to queue
[2023-04-24T18:24:47.469+0000] {logging_mixin.py:137} INFO - [2023-04-24T18:24:47.469+0000] {dagbag.py:532} INFO - Filling up the DagBag from /home/airflow/.local/lib/python3.7/site-packages/airflow/example_dags/example_branch_labels.py
[2023-04-24T18:24:47.491+0000] {processor.py:753} INFO - DAG(s) dict_keys(['example_branch_labels']) retrieved from /home/airflow/.local/lib/python3.7/site-packages/airflow/example_dags/example_branch_labels.py
[2023-04-24T18:24:47.533+0000] {logging_mixin.py:137} INFO - [2023-04-24T18:24:47.533+0000] {dag.py:2705} INFO - Sync 1 DAGs
[2023-04-24T18:24:47.568+0000] {logging_mixin.py:137} INFO - [2023-04-24T18:24:47.568+0000] {dag.py:3456} INFO - Setting next_dagrun for example_branch_labels to 2023-04-23T00:00:00+00:00, run_after=2023-04-24T00:00:00+00:00
[2023-04-24T18:24:47.594+0000] {processor.py:175} INFO - Processing /home/airflow/.local/lib/python3.7/site-packages/airflow/example_dags/example_branch_labels.py took 0.136 seconds
[2023-04-24T18:25:17.956+0000] {processor.py:153} INFO - Started process (PID=1927) to work on /home/airflow/.local/lib/python3.7/site-packages/airflow/example_dags/example_branch_labels.py
[2023-04-24T18:25:17.959+0000] {processor.py:743} INFO - Processing file /home/airflow/.local/lib/python3.7/site-packages/airflow/example_dags/example_branch_labels.py for tasks to queue
[2023-04-24T18:25:17.961+0000] {logging_mixin.py:137} INFO - [2023-04-24T18:25:17.961+0000] {dagbag.py:532} INFO - Filling up the DagBag from /home/airflow/.local/lib/python3.7/site-packages/airflow/example_dags/example_branch_labels.py
[2023-04-24T18:25:17.983+0000] {processor.py:753} INFO - DAG(s) dict_keys(['example_branch_labels']) retrieved from /home/airflow/.local/lib/python3.7/site-packages/airflow/example_dags/example_branch_labels.py
[2023-04-24T18:25:18.020+0000] {logging_mixin.py:137} INFO - [2023-04-24T18:25:18.020+0000] {dag.py:2705} INFO - Sync 1 DAGs
[2023-04-24T18:25:18.055+0000] {logging_mixin.py:137} INFO - [2023-04-24T18:25:18.055+0000] {dag.py:3456} INFO - Setting next_dagrun for example_branch_labels to 2023-04-23T00:00:00+00:00, run_after=2023-04-24T00:00:00+00:00
[2023-04-24T18:25:18.079+0000] {processor.py:175} INFO - Processing /home/airflow/.local/lib/python3.7/site-packages/airflow/example_dags/example_branch_labels.py took 0.129 seconds
[2023-04-24T18:25:48.507+0000] {processor.py:153} INFO - Started process (PID=1978) to work on /home/airflow/.local/lib/python3.7/site-packages/airflow/example_dags/example_branch_labels.py
[2023-04-24T18:25:48.509+0000] {processor.py:743} INFO - Processing file /home/airflow/.local/lib/python3.7/site-packages/airflow/example_dags/example_branch_labels.py for tasks to queue
[2023-04-24T18:25:48.511+0000] {logging_mixin.py:137} INFO - [2023-04-24T18:25:48.511+0000] {dagbag.py:532} INFO - Filling up the DagBag from /home/airflow/.local/lib/python3.7/site-packages/airflow/example_dags/example_branch_labels.py
[2023-04-24T18:25:48.533+0000] {processor.py:753} INFO - DAG(s) dict_keys(['example_branch_labels']) retrieved from /home/airflow/.local/lib/python3.7/site-packages/airflow/example_dags/example_branch_labels.py
[2023-04-24T18:25:48.574+0000] {logging_mixin.py:137} INFO - [2023-04-24T18:25:48.574+0000] {dag.py:2705} INFO - Sync 1 DAGs
[2023-04-24T18:25:48.613+0000] {logging_mixin.py:137} INFO - [2023-04-24T18:25:48.612+0000] {dag.py:3456} INFO - Setting next_dagrun for example_branch_labels to 2023-04-23T00:00:00+00:00, run_after=2023-04-24T00:00:00+00:00
[2023-04-24T18:25:48.644+0000] {processor.py:175} INFO - Processing /home/airflow/.local/lib/python3.7/site-packages/airflow/example_dags/example_branch_labels.py took 0.144 seconds
[2023-04-24T18:26:19.277+0000] {processor.py:153} INFO - Started process (PID=2029) to work on /home/airflow/.local/lib/python3.7/site-packages/airflow/example_dags/example_branch_labels.py
[2023-04-24T18:26:19.280+0000] {processor.py:743} INFO - Processing file /home/airflow/.local/lib/python3.7/site-packages/airflow/example_dags/example_branch_labels.py for tasks to queue
[2023-04-24T18:26:19.282+0000] {logging_mixin.py:137} INFO - [2023-04-24T18:26:19.282+0000] {dagbag.py:532} INFO - Filling up the DagBag from /home/airflow/.local/lib/python3.7/site-packages/airflow/example_dags/example_branch_labels.py
[2023-04-24T18:26:19.302+0000] {processor.py:753} INFO - DAG(s) dict_keys(['example_branch_labels']) retrieved from /home/airflow/.local/lib/python3.7/site-packages/airflow/example_dags/example_branch_labels.py
[2023-04-24T18:26:19.340+0000] {logging_mixin.py:137} INFO - [2023-04-24T18:26:19.340+0000] {dag.py:2705} INFO - Sync 1 DAGs
[2023-04-24T18:26:19.375+0000] {logging_mixin.py:137} INFO - [2023-04-24T18:26:19.375+0000] {dag.py:3456} INFO - Setting next_dagrun for example_branch_labels to 2023-04-23T00:00:00+00:00, run_after=2023-04-24T00:00:00+00:00
[2023-04-24T18:26:19.404+0000] {processor.py:175} INFO - Processing /home/airflow/.local/lib/python3.7/site-packages/airflow/example_dags/example_branch_labels.py took 0.132 seconds
[2023-04-24T18:26:49.719+0000] {processor.py:153} INFO - Started process (PID=2080) to work on /home/airflow/.local/lib/python3.7/site-packages/airflow/example_dags/example_branch_labels.py
[2023-04-24T18:26:49.722+0000] {processor.py:743} INFO - Processing file /home/airflow/.local/lib/python3.7/site-packages/airflow/example_dags/example_branch_labels.py for tasks to queue
[2023-04-24T18:26:49.725+0000] {logging_mixin.py:137} INFO - [2023-04-24T18:26:49.724+0000] {dagbag.py:532} INFO - Filling up the DagBag from /home/airflow/.local/lib/python3.7/site-packages/airflow/example_dags/example_branch_labels.py
[2023-04-24T18:26:49.746+0000] {processor.py:753} INFO - DAG(s) dict_keys(['example_branch_labels']) retrieved from /home/airflow/.local/lib/python3.7/site-packages/airflow/example_dags/example_branch_labels.py
[2023-04-24T18:26:49.793+0000] {logging_mixin.py:137} INFO - [2023-04-24T18:26:49.793+0000] {dag.py:2705} INFO - Sync 1 DAGs
[2023-04-24T18:26:49.832+0000] {logging_mixin.py:137} INFO - [2023-04-24T18:26:49.831+0000] {dag.py:3456} INFO - Setting next_dagrun for example_branch_labels to 2023-04-23T00:00:00+00:00, run_after=2023-04-24T00:00:00+00:00
[2023-04-24T18:26:49.860+0000] {processor.py:175} INFO - Processing /home/airflow/.local/lib/python3.7/site-packages/airflow/example_dags/example_branch_labels.py took 0.146 seconds
[2023-04-24T18:27:20.396+0000] {processor.py:153} INFO - Started process (PID=2131) to work on /home/airflow/.local/lib/python3.7/site-packages/airflow/example_dags/example_branch_labels.py
[2023-04-24T18:27:20.398+0000] {processor.py:743} INFO - Processing file /home/airflow/.local/lib/python3.7/site-packages/airflow/example_dags/example_branch_labels.py for tasks to queue
[2023-04-24T18:27:20.400+0000] {logging_mixin.py:137} INFO - [2023-04-24T18:27:20.400+0000] {dagbag.py:532} INFO - Filling up the DagBag from /home/airflow/.local/lib/python3.7/site-packages/airflow/example_dags/example_branch_labels.py
[2023-04-24T18:27:20.421+0000] {processor.py:753} INFO - DAG(s) dict_keys(['example_branch_labels']) retrieved from /home/airflow/.local/lib/python3.7/site-packages/airflow/example_dags/example_branch_labels.py
[2023-04-24T18:27:20.460+0000] {logging_mixin.py:137} INFO - [2023-04-24T18:27:20.459+0000] {dag.py:2705} INFO - Sync 1 DAGs
[2023-04-24T18:27:20.495+0000] {logging_mixin.py:137} INFO - [2023-04-24T18:27:20.495+0000] {dag.py:3456} INFO - Setting next_dagrun for example_branch_labels to 2023-04-23T00:00:00+00:00, run_after=2023-04-24T00:00:00+00:00
[2023-04-24T18:27:20.521+0000] {processor.py:175} INFO - Processing /home/airflow/.local/lib/python3.7/site-packages/airflow/example_dags/example_branch_labels.py took 0.131 seconds
[2023-04-24T18:27:50.773+0000] {processor.py:153} INFO - Started process (PID=2182) to work on /home/airflow/.local/lib/python3.7/site-packages/airflow/example_dags/example_branch_labels.py
[2023-04-24T18:27:50.776+0000] {processor.py:743} INFO - Processing file /home/airflow/.local/lib/python3.7/site-packages/airflow/example_dags/example_branch_labels.py for tasks to queue
[2023-04-24T18:27:50.778+0000] {logging_mixin.py:137} INFO - [2023-04-24T18:27:50.778+0000] {dagbag.py:532} INFO - Filling up the DagBag from /home/airflow/.local/lib/python3.7/site-packages/airflow/example_dags/example_branch_labels.py
[2023-04-24T18:27:50.799+0000] {processor.py:753} INFO - DAG(s) dict_keys(['example_branch_labels']) retrieved from /home/airflow/.local/lib/python3.7/site-packages/airflow/example_dags/example_branch_labels.py
[2023-04-24T18:27:50.836+0000] {logging_mixin.py:137} INFO - [2023-04-24T18:27:50.836+0000] {dag.py:2705} INFO - Sync 1 DAGs
[2023-04-24T18:27:50.880+0000] {logging_mixin.py:137} INFO - [2023-04-24T18:27:50.880+0000] {dag.py:3456} INFO - Setting next_dagrun for example_branch_labels to 2023-04-23T00:00:00+00:00, run_after=2023-04-24T00:00:00+00:00
[2023-04-24T18:27:50.908+0000] {processor.py:175} INFO - Processing /home/airflow/.local/lib/python3.7/site-packages/airflow/example_dags/example_branch_labels.py took 0.141 seconds
[2023-04-24T18:28:21.298+0000] {processor.py:153} INFO - Started process (PID=2233) to work on /home/airflow/.local/lib/python3.7/site-packages/airflow/example_dags/example_branch_labels.py
[2023-04-24T18:28:21.301+0000] {processor.py:743} INFO - Processing file /home/airflow/.local/lib/python3.7/site-packages/airflow/example_dags/example_branch_labels.py for tasks to queue
[2023-04-24T18:28:21.303+0000] {logging_mixin.py:137} INFO - [2023-04-24T18:28:21.302+0000] {dagbag.py:532} INFO - Filling up the DagBag from /home/airflow/.local/lib/python3.7/site-packages/airflow/example_dags/example_branch_labels.py
[2023-04-24T18:28:21.322+0000] {processor.py:753} INFO - DAG(s) dict_keys(['example_branch_labels']) retrieved from /home/airflow/.local/lib/python3.7/site-packages/airflow/example_dags/example_branch_labels.py
[2023-04-24T18:28:21.358+0000] {logging_mixin.py:137} INFO - [2023-04-24T18:28:21.358+0000] {dag.py:2705} INFO - Sync 1 DAGs
[2023-04-24T18:28:21.392+0000] {logging_mixin.py:137} INFO - [2023-04-24T18:28:21.392+0000] {dag.py:3456} INFO - Setting next_dagrun for example_branch_labels to 2023-04-23T00:00:00+00:00, run_after=2023-04-24T00:00:00+00:00
[2023-04-24T18:28:21.415+0000] {processor.py:175} INFO - Processing /home/airflow/.local/lib/python3.7/site-packages/airflow/example_dags/example_branch_labels.py took 0.123 seconds
[2023-04-24T18:28:52.114+0000] {processor.py:153} INFO - Started process (PID=2282) to work on /home/airflow/.local/lib/python3.7/site-packages/airflow/example_dags/example_branch_labels.py
[2023-04-24T18:28:52.117+0000] {processor.py:743} INFO - Processing file /home/airflow/.local/lib/python3.7/site-packages/airflow/example_dags/example_branch_labels.py for tasks to queue
[2023-04-24T18:28:52.120+0000] {logging_mixin.py:137} INFO - [2023-04-24T18:28:52.119+0000] {dagbag.py:532} INFO - Filling up the DagBag from /home/airflow/.local/lib/python3.7/site-packages/airflow/example_dags/example_branch_labels.py
[2023-04-24T18:28:52.144+0000] {processor.py:753} INFO - DAG(s) dict_keys(['example_branch_labels']) retrieved from /home/airflow/.local/lib/python3.7/site-packages/airflow/example_dags/example_branch_labels.py
[2023-04-24T18:28:52.184+0000] {logging_mixin.py:137} INFO - [2023-04-24T18:28:52.183+0000] {dag.py:2705} INFO - Sync 1 DAGs
[2023-04-24T18:28:52.219+0000] {logging_mixin.py:137} INFO - [2023-04-24T18:28:52.219+0000] {dag.py:3456} INFO - Setting next_dagrun for example_branch_labels to 2023-04-23T00:00:00+00:00, run_after=2023-04-24T00:00:00+00:00
[2023-04-24T18:28:52.244+0000] {processor.py:175} INFO - Processing /home/airflow/.local/lib/python3.7/site-packages/airflow/example_dags/example_branch_labels.py took 0.136 seconds
[2023-04-24T18:29:22.393+0000] {processor.py:153} INFO - Started process (PID=2333) to work on /home/airflow/.local/lib/python3.7/site-packages/airflow/example_dags/example_branch_labels.py
[2023-04-24T18:29:22.395+0000] {processor.py:743} INFO - Processing file /home/airflow/.local/lib/python3.7/site-packages/airflow/example_dags/example_branch_labels.py for tasks to queue
[2023-04-24T18:29:22.398+0000] {logging_mixin.py:137} INFO - [2023-04-24T18:29:22.397+0000] {dagbag.py:532} INFO - Filling up the DagBag from /home/airflow/.local/lib/python3.7/site-packages/airflow/example_dags/example_branch_labels.py
[2023-04-24T18:29:22.416+0000] {processor.py:753} INFO - DAG(s) dict_keys(['example_branch_labels']) retrieved from /home/airflow/.local/lib/python3.7/site-packages/airflow/example_dags/example_branch_labels.py
[2023-04-24T18:29:22.453+0000] {logging_mixin.py:137} INFO - [2023-04-24T18:29:22.453+0000] {dag.py:2705} INFO - Sync 1 DAGs
[2023-04-24T18:29:22.487+0000] {logging_mixin.py:137} INFO - [2023-04-24T18:29:22.487+0000] {dag.py:3456} INFO - Setting next_dagrun for example_branch_labels to 2023-04-23T00:00:00+00:00, run_after=2023-04-24T00:00:00+00:00
[2023-04-24T18:29:22.514+0000] {processor.py:175} INFO - Processing /home/airflow/.local/lib/python3.7/site-packages/airflow/example_dags/example_branch_labels.py took 0.128 seconds
[2023-04-24T18:29:52.741+0000] {processor.py:153} INFO - Started process (PID=2384) to work on /home/airflow/.local/lib/python3.7/site-packages/airflow/example_dags/example_branch_labels.py
[2023-04-24T18:29:52.744+0000] {processor.py:743} INFO - Processing file /home/airflow/.local/lib/python3.7/site-packages/airflow/example_dags/example_branch_labels.py for tasks to queue
[2023-04-24T18:29:52.746+0000] {logging_mixin.py:137} INFO - [2023-04-24T18:29:52.746+0000] {dagbag.py:532} INFO - Filling up the DagBag from /home/airflow/.local/lib/python3.7/site-packages/airflow/example_dags/example_branch_labels.py
[2023-04-24T18:29:52.768+0000] {processor.py:753} INFO - DAG(s) dict_keys(['example_branch_labels']) retrieved from /home/airflow/.local/lib/python3.7/site-packages/airflow/example_dags/example_branch_labels.py
[2023-04-24T18:29:52.805+0000] {logging_mixin.py:137} INFO - [2023-04-24T18:29:52.805+0000] {dag.py:2705} INFO - Sync 1 DAGs
[2023-04-24T18:29:52.841+0000] {logging_mixin.py:137} INFO - [2023-04-24T18:29:52.841+0000] {dag.py:3456} INFO - Setting next_dagrun for example_branch_labels to 2023-04-23T00:00:00+00:00, run_after=2023-04-24T00:00:00+00:00
[2023-04-24T18:29:52.867+0000] {processor.py:175} INFO - Processing /home/airflow/.local/lib/python3.7/site-packages/airflow/example_dags/example_branch_labels.py took 0.132 seconds
[2023-04-24T18:30:23.510+0000] {processor.py:153} INFO - Started process (PID=2435) to work on /home/airflow/.local/lib/python3.7/site-packages/airflow/example_dags/example_branch_labels.py
[2023-04-24T18:30:23.513+0000] {processor.py:743} INFO - Processing file /home/airflow/.local/lib/python3.7/site-packages/airflow/example_dags/example_branch_labels.py for tasks to queue
[2023-04-24T18:30:23.515+0000] {logging_mixin.py:137} INFO - [2023-04-24T18:30:23.515+0000] {dagbag.py:532} INFO - Filling up the DagBag from /home/airflow/.local/lib/python3.7/site-packages/airflow/example_dags/example_branch_labels.py
[2023-04-24T18:30:23.536+0000] {processor.py:753} INFO - DAG(s) dict_keys(['example_branch_labels']) retrieved from /home/airflow/.local/lib/python3.7/site-packages/airflow/example_dags/example_branch_labels.py
[2023-04-24T18:30:23.577+0000] {logging_mixin.py:137} INFO - [2023-04-24T18:30:23.577+0000] {dag.py:2705} INFO - Sync 1 DAGs
[2023-04-24T18:30:23.617+0000] {logging_mixin.py:137} INFO - [2023-04-24T18:30:23.617+0000] {dag.py:3456} INFO - Setting next_dagrun for example_branch_labels to 2023-04-23T00:00:00+00:00, run_after=2023-04-24T00:00:00+00:00
[2023-04-24T18:30:23.668+0000] {processor.py:175} INFO - Processing /home/airflow/.local/lib/python3.7/site-packages/airflow/example_dags/example_branch_labels.py took 0.165 seconds
[2023-04-24T18:30:53.805+0000] {processor.py:153} INFO - Started process (PID=2486) to work on /home/airflow/.local/lib/python3.7/site-packages/airflow/example_dags/example_branch_labels.py
[2023-04-24T18:30:53.808+0000] {processor.py:743} INFO - Processing file /home/airflow/.local/lib/python3.7/site-packages/airflow/example_dags/example_branch_labels.py for tasks to queue
[2023-04-24T18:30:53.811+0000] {logging_mixin.py:137} INFO - [2023-04-24T18:30:53.810+0000] {dagbag.py:532} INFO - Filling up the DagBag from /home/airflow/.local/lib/python3.7/site-packages/airflow/example_dags/example_branch_labels.py
[2023-04-24T18:30:53.833+0000] {processor.py:753} INFO - DAG(s) dict_keys(['example_branch_labels']) retrieved from /home/airflow/.local/lib/python3.7/site-packages/airflow/example_dags/example_branch_labels.py
[2023-04-24T18:30:53.873+0000] {logging_mixin.py:137} INFO - [2023-04-24T18:30:53.873+0000] {dag.py:2705} INFO - Sync 1 DAGs
[2023-04-24T18:30:53.911+0000] {logging_mixin.py:137} INFO - [2023-04-24T18:30:53.911+0000] {dag.py:3456} INFO - Setting next_dagrun for example_branch_labels to 2023-04-23T00:00:00+00:00, run_after=2023-04-24T00:00:00+00:00
[2023-04-24T18:30:53.943+0000] {processor.py:175} INFO - Processing /home/airflow/.local/lib/python3.7/site-packages/airflow/example_dags/example_branch_labels.py took 0.145 seconds
[2023-04-24T18:31:24.136+0000] {processor.py:153} INFO - Started process (PID=2537) to work on /home/airflow/.local/lib/python3.7/site-packages/airflow/example_dags/example_branch_labels.py
[2023-04-24T18:31:24.139+0000] {processor.py:743} INFO - Processing file /home/airflow/.local/lib/python3.7/site-packages/airflow/example_dags/example_branch_labels.py for tasks to queue
[2023-04-24T18:31:24.142+0000] {logging_mixin.py:137} INFO - [2023-04-24T18:31:24.141+0000] {dagbag.py:532} INFO - Filling up the DagBag from /home/airflow/.local/lib/python3.7/site-packages/airflow/example_dags/example_branch_labels.py
[2023-04-24T18:31:24.162+0000] {processor.py:753} INFO - DAG(s) dict_keys(['example_branch_labels']) retrieved from /home/airflow/.local/lib/python3.7/site-packages/airflow/example_dags/example_branch_labels.py
[2023-04-24T18:31:24.198+0000] {logging_mixin.py:137} INFO - [2023-04-24T18:31:24.197+0000] {dag.py:2705} INFO - Sync 1 DAGs
[2023-04-24T18:31:24.236+0000] {logging_mixin.py:137} INFO - [2023-04-24T18:31:24.235+0000] {dag.py:3456} INFO - Setting next_dagrun for example_branch_labels to 2023-04-23T00:00:00+00:00, run_after=2023-04-24T00:00:00+00:00
[2023-04-24T18:31:24.264+0000] {processor.py:175} INFO - Processing /home/airflow/.local/lib/python3.7/site-packages/airflow/example_dags/example_branch_labels.py took 0.132 seconds
[2023-04-24T18:31:54.534+0000] {processor.py:153} INFO - Started process (PID=2588) to work on /home/airflow/.local/lib/python3.7/site-packages/airflow/example_dags/example_branch_labels.py
[2023-04-24T18:31:54.536+0000] {processor.py:743} INFO - Processing file /home/airflow/.local/lib/python3.7/site-packages/airflow/example_dags/example_branch_labels.py for tasks to queue
[2023-04-24T18:31:54.538+0000] {logging_mixin.py:137} INFO - [2023-04-24T18:31:54.537+0000] {dagbag.py:532} INFO - Filling up the DagBag from /home/airflow/.local/lib/python3.7/site-packages/airflow/example_dags/example_branch_labels.py
[2023-04-24T18:31:54.557+0000] {processor.py:753} INFO - DAG(s) dict_keys(['example_branch_labels']) retrieved from /home/airflow/.local/lib/python3.7/site-packages/airflow/example_dags/example_branch_labels.py
[2023-04-24T18:31:54.594+0000] {logging_mixin.py:137} INFO - [2023-04-24T18:31:54.594+0000] {dag.py:2705} INFO - Sync 1 DAGs
[2023-04-24T18:31:54.633+0000] {logging_mixin.py:137} INFO - [2023-04-24T18:31:54.633+0000] {dag.py:3456} INFO - Setting next_dagrun for example_branch_labels to 2023-04-23T00:00:00+00:00, run_after=2023-04-24T00:00:00+00:00
[2023-04-24T18:31:54.661+0000] {processor.py:175} INFO - Processing /home/airflow/.local/lib/python3.7/site-packages/airflow/example_dags/example_branch_labels.py took 0.132 seconds
