[2023-04-24T18:06:59.261+0000] {processor.py:153} INFO - Started process (PID=89) to work on /home/airflow/.local/lib/python3.7/site-packages/airflow/example_dags/example_branch_operator.py
[2023-04-24T18:06:59.265+0000] {processor.py:743} INFO - Processing file /home/airflow/.local/lib/python3.7/site-packages/airflow/example_dags/example_branch_operator.py for tasks to queue
[2023-04-24T18:06:59.269+0000] {logging_mixin.py:137} INFO - [2023-04-24T18:06:59.269+0000] {dagbag.py:532} INFO - Filling up the DagBag from /home/airflow/.local/lib/python3.7/site-packages/airflow/example_dags/example_branch_operator.py
[2023-04-24T18:06:59.320+0000] {processor.py:753} INFO - DAG(s) dict_keys(['example_branch_operator']) retrieved from /home/airflow/.local/lib/python3.7/site-packages/airflow/example_dags/example_branch_operator.py
[2023-04-24T18:06:59.680+0000] {logging_mixin.py:137} INFO - [2023-04-24T18:06:59.680+0000] {manager.py:504} INFO - Created Permission View: can edit on DAG:example_branch_operator
[2023-04-24T18:06:59.705+0000] {logging_mixin.py:137} INFO - [2023-04-24T18:06:59.705+0000] {manager.py:504} INFO - Created Permission View: can delete on DAG:example_branch_operator
[2023-04-24T18:06:59.730+0000] {logging_mixin.py:137} INFO - [2023-04-24T18:06:59.730+0000] {manager.py:504} INFO - Created Permission View: can read on DAG:example_branch_operator
[2023-04-24T18:06:59.732+0000] {logging_mixin.py:137} INFO - [2023-04-24T18:06:59.732+0000] {dag.py:2705} INFO - Sync 1 DAGs
[2023-04-24T18:06:59.757+0000] {logging_mixin.py:137} INFO - [2023-04-24T18:06:59.757+0000] {dag.py:2726} INFO - Creating ORM DAG for example_branch_operator
[2023-04-24T18:06:59.790+0000] {logging_mixin.py:137} INFO - [2023-04-24T18:06:59.789+0000] {dag.py:3456} INFO - Setting next_dagrun for example_branch_operator to 2023-04-23T00:00:00+00:00, run_after=2023-04-24T00:00:00+00:00
[2023-04-24T18:07:00.636+0000] {processor.py:175} INFO - Processing /home/airflow/.local/lib/python3.7/site-packages/airflow/example_dags/example_branch_operator.py took 1.384 seconds
[2023-04-24T18:07:31.499+0000] {processor.py:153} INFO - Started process (PID=140) to work on /home/airflow/.local/lib/python3.7/site-packages/airflow/example_dags/example_branch_operator.py
[2023-04-24T18:07:31.501+0000] {processor.py:743} INFO - Processing file /home/airflow/.local/lib/python3.7/site-packages/airflow/example_dags/example_branch_operator.py for tasks to queue
[2023-04-24T18:07:31.504+0000] {logging_mixin.py:137} INFO - [2023-04-24T18:07:31.504+0000] {dagbag.py:532} INFO - Filling up the DagBag from /home/airflow/.local/lib/python3.7/site-packages/airflow/example_dags/example_branch_operator.py
[2023-04-24T18:07:31.531+0000] {processor.py:753} INFO - DAG(s) dict_keys(['example_branch_operator']) retrieved from /home/airflow/.local/lib/python3.7/site-packages/airflow/example_dags/example_branch_operator.py
[2023-04-24T18:07:31.583+0000] {logging_mixin.py:137} INFO - [2023-04-24T18:07:31.582+0000] {dag.py:2705} INFO - Sync 1 DAGs
[2023-04-24T18:07:31.637+0000] {logging_mixin.py:137} INFO - [2023-04-24T18:07:31.637+0000] {dag.py:3456} INFO - Setting next_dagrun for example_branch_operator to 2023-04-23T00:00:00+00:00, run_after=2023-04-24T00:00:00+00:00
[2023-04-24T18:07:31.673+0000] {processor.py:175} INFO - Processing /home/airflow/.local/lib/python3.7/site-packages/airflow/example_dags/example_branch_operator.py took 0.181 seconds
[2023-04-24T18:08:02.080+0000] {processor.py:153} INFO - Started process (PID=191) to work on /home/airflow/.local/lib/python3.7/site-packages/airflow/example_dags/example_branch_operator.py
[2023-04-24T18:08:02.082+0000] {processor.py:743} INFO - Processing file /home/airflow/.local/lib/python3.7/site-packages/airflow/example_dags/example_branch_operator.py for tasks to queue
[2023-04-24T18:08:02.084+0000] {logging_mixin.py:137} INFO - [2023-04-24T18:08:02.084+0000] {dagbag.py:532} INFO - Filling up the DagBag from /home/airflow/.local/lib/python3.7/site-packages/airflow/example_dags/example_branch_operator.py
[2023-04-24T18:08:02.111+0000] {processor.py:753} INFO - DAG(s) dict_keys(['example_branch_operator']) retrieved from /home/airflow/.local/lib/python3.7/site-packages/airflow/example_dags/example_branch_operator.py
[2023-04-24T18:08:02.154+0000] {logging_mixin.py:137} INFO - [2023-04-24T18:08:02.154+0000] {dag.py:2705} INFO - Sync 1 DAGs
[2023-04-24T18:08:02.191+0000] {logging_mixin.py:137} INFO - [2023-04-24T18:08:02.191+0000] {dag.py:3456} INFO - Setting next_dagrun for example_branch_operator to 2023-04-23T00:00:00+00:00, run_after=2023-04-24T00:00:00+00:00
[2023-04-24T18:08:02.218+0000] {processor.py:175} INFO - Processing /home/airflow/.local/lib/python3.7/site-packages/airflow/example_dags/example_branch_operator.py took 0.144 seconds
[2023-04-24T18:08:32.396+0000] {processor.py:153} INFO - Started process (PID=242) to work on /home/airflow/.local/lib/python3.7/site-packages/airflow/example_dags/example_branch_operator.py
[2023-04-24T18:08:32.399+0000] {processor.py:743} INFO - Processing file /home/airflow/.local/lib/python3.7/site-packages/airflow/example_dags/example_branch_operator.py for tasks to queue
[2023-04-24T18:08:32.401+0000] {logging_mixin.py:137} INFO - [2023-04-24T18:08:32.401+0000] {dagbag.py:532} INFO - Filling up the DagBag from /home/airflow/.local/lib/python3.7/site-packages/airflow/example_dags/example_branch_operator.py
[2023-04-24T18:08:32.424+0000] {processor.py:753} INFO - DAG(s) dict_keys(['example_branch_operator']) retrieved from /home/airflow/.local/lib/python3.7/site-packages/airflow/example_dags/example_branch_operator.py
[2023-04-24T18:08:32.462+0000] {logging_mixin.py:137} INFO - [2023-04-24T18:08:32.462+0000] {dag.py:2705} INFO - Sync 1 DAGs
[2023-04-24T18:08:32.499+0000] {logging_mixin.py:137} INFO - [2023-04-24T18:08:32.499+0000] {dag.py:3456} INFO - Setting next_dagrun for example_branch_operator to 2023-04-23T00:00:00+00:00, run_after=2023-04-24T00:00:00+00:00
[2023-04-24T18:08:32.526+0000] {processor.py:175} INFO - Processing /home/airflow/.local/lib/python3.7/site-packages/airflow/example_dags/example_branch_operator.py took 0.136 seconds
[2023-04-24T18:09:02.669+0000] {processor.py:153} INFO - Started process (PID=293) to work on /home/airflow/.local/lib/python3.7/site-packages/airflow/example_dags/example_branch_operator.py
[2023-04-24T18:09:02.671+0000] {processor.py:743} INFO - Processing file /home/airflow/.local/lib/python3.7/site-packages/airflow/example_dags/example_branch_operator.py for tasks to queue
[2023-04-24T18:09:02.673+0000] {logging_mixin.py:137} INFO - [2023-04-24T18:09:02.672+0000] {dagbag.py:532} INFO - Filling up the DagBag from /home/airflow/.local/lib/python3.7/site-packages/airflow/example_dags/example_branch_operator.py
[2023-04-24T18:09:02.695+0000] {processor.py:753} INFO - DAG(s) dict_keys(['example_branch_operator']) retrieved from /home/airflow/.local/lib/python3.7/site-packages/airflow/example_dags/example_branch_operator.py
[2023-04-24T18:09:02.734+0000] {logging_mixin.py:137} INFO - [2023-04-24T18:09:02.733+0000] {dag.py:2705} INFO - Sync 1 DAGs
[2023-04-24T18:09:02.772+0000] {logging_mixin.py:137} INFO - [2023-04-24T18:09:02.772+0000] {dag.py:3456} INFO - Setting next_dagrun for example_branch_operator to 2023-04-23T00:00:00+00:00, run_after=2023-04-24T00:00:00+00:00
[2023-04-24T18:09:02.800+0000] {processor.py:175} INFO - Processing /home/airflow/.local/lib/python3.7/site-packages/airflow/example_dags/example_branch_operator.py took 0.137 seconds
[2023-04-24T18:09:33.132+0000] {processor.py:153} INFO - Started process (PID=344) to work on /home/airflow/.local/lib/python3.7/site-packages/airflow/example_dags/example_branch_operator.py
[2023-04-24T18:09:33.136+0000] {processor.py:743} INFO - Processing file /home/airflow/.local/lib/python3.7/site-packages/airflow/example_dags/example_branch_operator.py for tasks to queue
[2023-04-24T18:09:33.139+0000] {logging_mixin.py:137} INFO - [2023-04-24T18:09:33.138+0000] {dagbag.py:532} INFO - Filling up the DagBag from /home/airflow/.local/lib/python3.7/site-packages/airflow/example_dags/example_branch_operator.py
[2023-04-24T18:09:33.167+0000] {processor.py:753} INFO - DAG(s) dict_keys(['example_branch_operator']) retrieved from /home/airflow/.local/lib/python3.7/site-packages/airflow/example_dags/example_branch_operator.py
[2023-04-24T18:09:33.212+0000] {logging_mixin.py:137} INFO - [2023-04-24T18:09:33.212+0000] {dag.py:2705} INFO - Sync 1 DAGs
[2023-04-24T18:09:33.255+0000] {logging_mixin.py:137} INFO - [2023-04-24T18:09:33.255+0000] {dag.py:3456} INFO - Setting next_dagrun for example_branch_operator to 2023-04-23T00:00:00+00:00, run_after=2023-04-24T00:00:00+00:00
[2023-04-24T18:09:33.289+0000] {processor.py:175} INFO - Processing /home/airflow/.local/lib/python3.7/site-packages/airflow/example_dags/example_branch_operator.py took 0.163 seconds
[2023-04-24T18:10:03.393+0000] {processor.py:153} INFO - Started process (PID=395) to work on /home/airflow/.local/lib/python3.7/site-packages/airflow/example_dags/example_branch_operator.py
[2023-04-24T18:10:03.396+0000] {processor.py:743} INFO - Processing file /home/airflow/.local/lib/python3.7/site-packages/airflow/example_dags/example_branch_operator.py for tasks to queue
[2023-04-24T18:10:03.399+0000] {logging_mixin.py:137} INFO - [2023-04-24T18:10:03.398+0000] {dagbag.py:532} INFO - Filling up the DagBag from /home/airflow/.local/lib/python3.7/site-packages/airflow/example_dags/example_branch_operator.py
[2023-04-24T18:10:03.427+0000] {processor.py:753} INFO - DAG(s) dict_keys(['example_branch_operator']) retrieved from /home/airflow/.local/lib/python3.7/site-packages/airflow/example_dags/example_branch_operator.py
[2023-04-24T18:10:03.477+0000] {logging_mixin.py:137} INFO - [2023-04-24T18:10:03.476+0000] {dag.py:2705} INFO - Sync 1 DAGs
[2023-04-24T18:10:03.522+0000] {logging_mixin.py:137} INFO - [2023-04-24T18:10:03.522+0000] {dag.py:3456} INFO - Setting next_dagrun for example_branch_operator to 2023-04-23T00:00:00+00:00, run_after=2023-04-24T00:00:00+00:00
[2023-04-24T18:10:03.560+0000] {processor.py:175} INFO - Processing /home/airflow/.local/lib/python3.7/site-packages/airflow/example_dags/example_branch_operator.py took 0.173 seconds
[2023-04-24T18:10:33.736+0000] {processor.py:153} INFO - Started process (PID=445) to work on /home/airflow/.local/lib/python3.7/site-packages/airflow/example_dags/example_branch_operator.py
[2023-04-24T18:10:33.739+0000] {processor.py:743} INFO - Processing file /home/airflow/.local/lib/python3.7/site-packages/airflow/example_dags/example_branch_operator.py for tasks to queue
[2023-04-24T18:10:33.741+0000] {logging_mixin.py:137} INFO - [2023-04-24T18:10:33.741+0000] {dagbag.py:532} INFO - Filling up the DagBag from /home/airflow/.local/lib/python3.7/site-packages/airflow/example_dags/example_branch_operator.py
[2023-04-24T18:10:33.765+0000] {processor.py:753} INFO - DAG(s) dict_keys(['example_branch_operator']) retrieved from /home/airflow/.local/lib/python3.7/site-packages/airflow/example_dags/example_branch_operator.py
[2023-04-24T18:10:33.807+0000] {logging_mixin.py:137} INFO - [2023-04-24T18:10:33.807+0000] {dag.py:2705} INFO - Sync 1 DAGs
[2023-04-24T18:10:33.845+0000] {logging_mixin.py:137} INFO - [2023-04-24T18:10:33.845+0000] {dag.py:3456} INFO - Setting next_dagrun for example_branch_operator to 2023-04-23T00:00:00+00:00, run_after=2023-04-24T00:00:00+00:00
[2023-04-24T18:10:33.875+0000] {processor.py:175} INFO - Processing /home/airflow/.local/lib/python3.7/site-packages/airflow/example_dags/example_branch_operator.py took 0.149 seconds
[2023-04-24T18:11:03.920+0000] {processor.py:153} INFO - Started process (PID=495) to work on /home/airflow/.local/lib/python3.7/site-packages/airflow/example_dags/example_branch_operator.py
[2023-04-24T18:11:03.923+0000] {processor.py:743} INFO - Processing file /home/airflow/.local/lib/python3.7/site-packages/airflow/example_dags/example_branch_operator.py for tasks to queue
[2023-04-24T18:11:03.925+0000] {logging_mixin.py:137} INFO - [2023-04-24T18:11:03.925+0000] {dagbag.py:532} INFO - Filling up the DagBag from /home/airflow/.local/lib/python3.7/site-packages/airflow/example_dags/example_branch_operator.py
[2023-04-24T18:11:03.949+0000] {processor.py:753} INFO - DAG(s) dict_keys(['example_branch_operator']) retrieved from /home/airflow/.local/lib/python3.7/site-packages/airflow/example_dags/example_branch_operator.py
[2023-04-24T18:11:03.988+0000] {logging_mixin.py:137} INFO - [2023-04-24T18:11:03.988+0000] {dag.py:2705} INFO - Sync 1 DAGs
[2023-04-24T18:11:04.026+0000] {logging_mixin.py:137} INFO - [2023-04-24T18:11:04.026+0000] {dag.py:3456} INFO - Setting next_dagrun for example_branch_operator to 2023-04-23T00:00:00+00:00, run_after=2023-04-24T00:00:00+00:00
[2023-04-24T18:11:04.053+0000] {processor.py:175} INFO - Processing /home/airflow/.local/lib/python3.7/site-packages/airflow/example_dags/example_branch_operator.py took 0.137 seconds
[2023-04-24T18:11:34.289+0000] {processor.py:153} INFO - Started process (PID=546) to work on /home/airflow/.local/lib/python3.7/site-packages/airflow/example_dags/example_branch_operator.py
[2023-04-24T18:11:34.292+0000] {processor.py:743} INFO - Processing file /home/airflow/.local/lib/python3.7/site-packages/airflow/example_dags/example_branch_operator.py for tasks to queue
[2023-04-24T18:11:34.295+0000] {logging_mixin.py:137} INFO - [2023-04-24T18:11:34.294+0000] {dagbag.py:532} INFO - Filling up the DagBag from /home/airflow/.local/lib/python3.7/site-packages/airflow/example_dags/example_branch_operator.py
[2023-04-24T18:11:34.327+0000] {processor.py:753} INFO - DAG(s) dict_keys(['example_branch_operator']) retrieved from /home/airflow/.local/lib/python3.7/site-packages/airflow/example_dags/example_branch_operator.py
[2023-04-24T18:11:34.402+0000] {logging_mixin.py:137} INFO - [2023-04-24T18:11:34.401+0000] {dag.py:2705} INFO - Sync 1 DAGs
[2023-04-24T18:11:34.462+0000] {logging_mixin.py:137} INFO - [2023-04-24T18:11:34.462+0000] {dag.py:3456} INFO - Setting next_dagrun for example_branch_operator to 2023-04-23T00:00:00+00:00, run_after=2023-04-24T00:00:00+00:00
[2023-04-24T18:11:34.508+0000] {processor.py:175} INFO - Processing /home/airflow/.local/lib/python3.7/site-packages/airflow/example_dags/example_branch_operator.py took 0.229 seconds
[2023-04-24T18:12:05.015+0000] {processor.py:153} INFO - Started process (PID=598) to work on /home/airflow/.local/lib/python3.7/site-packages/airflow/example_dags/example_branch_operator.py
[2023-04-24T18:12:05.017+0000] {processor.py:743} INFO - Processing file /home/airflow/.local/lib/python3.7/site-packages/airflow/example_dags/example_branch_operator.py for tasks to queue
[2023-04-24T18:12:05.020+0000] {logging_mixin.py:137} INFO - [2023-04-24T18:12:05.020+0000] {dagbag.py:532} INFO - Filling up the DagBag from /home/airflow/.local/lib/python3.7/site-packages/airflow/example_dags/example_branch_operator.py
[2023-04-24T18:12:05.044+0000] {processor.py:753} INFO - DAG(s) dict_keys(['example_branch_operator']) retrieved from /home/airflow/.local/lib/python3.7/site-packages/airflow/example_dags/example_branch_operator.py
[2023-04-24T18:12:05.083+0000] {logging_mixin.py:137} INFO - [2023-04-24T18:12:05.083+0000] {dag.py:2705} INFO - Sync 1 DAGs
[2023-04-24T18:12:05.122+0000] {logging_mixin.py:137} INFO - [2023-04-24T18:12:05.122+0000] {dag.py:3456} INFO - Setting next_dagrun for example_branch_operator to 2023-04-23T00:00:00+00:00, run_after=2023-04-24T00:00:00+00:00
[2023-04-24T18:12:05.150+0000] {processor.py:175} INFO - Processing /home/airflow/.local/lib/python3.7/site-packages/airflow/example_dags/example_branch_operator.py took 0.141 seconds
[2023-04-24T18:12:35.936+0000] {processor.py:153} INFO - Started process (PID=649) to work on /home/airflow/.local/lib/python3.7/site-packages/airflow/example_dags/example_branch_operator.py
[2023-04-24T18:12:35.955+0000] {processor.py:743} INFO - Processing file /home/airflow/.local/lib/python3.7/site-packages/airflow/example_dags/example_branch_operator.py for tasks to queue
[2023-04-24T18:12:35.968+0000] {logging_mixin.py:137} INFO - [2023-04-24T18:12:35.968+0000] {dagbag.py:532} INFO - Filling up the DagBag from /home/airflow/.local/lib/python3.7/site-packages/airflow/example_dags/example_branch_operator.py
[2023-04-24T18:12:36.101+0000] {processor.py:753} INFO - DAG(s) dict_keys(['example_branch_operator']) retrieved from /home/airflow/.local/lib/python3.7/site-packages/airflow/example_dags/example_branch_operator.py
[2023-04-24T18:12:36.165+0000] {logging_mixin.py:137} INFO - [2023-04-24T18:12:36.165+0000] {dag.py:2705} INFO - Sync 1 DAGs
[2023-04-24T18:12:36.222+0000] {logging_mixin.py:137} INFO - [2023-04-24T18:12:36.222+0000] {dag.py:3456} INFO - Setting next_dagrun for example_branch_operator to 2023-04-23T00:00:00+00:00, run_after=2023-04-24T00:00:00+00:00
[2023-04-24T18:12:36.258+0000] {processor.py:175} INFO - Processing /home/airflow/.local/lib/python3.7/site-packages/airflow/example_dags/example_branch_operator.py took 0.350 seconds
[2023-04-24T18:13:06.465+0000] {processor.py:153} INFO - Started process (PID=700) to work on /home/airflow/.local/lib/python3.7/site-packages/airflow/example_dags/example_branch_operator.py
[2023-04-24T18:13:06.467+0000] {processor.py:743} INFO - Processing file /home/airflow/.local/lib/python3.7/site-packages/airflow/example_dags/example_branch_operator.py for tasks to queue
[2023-04-24T18:13:06.470+0000] {logging_mixin.py:137} INFO - [2023-04-24T18:13:06.469+0000] {dagbag.py:532} INFO - Filling up the DagBag from /home/airflow/.local/lib/python3.7/site-packages/airflow/example_dags/example_branch_operator.py
[2023-04-24T18:13:06.498+0000] {processor.py:753} INFO - DAG(s) dict_keys(['example_branch_operator']) retrieved from /home/airflow/.local/lib/python3.7/site-packages/airflow/example_dags/example_branch_operator.py
[2023-04-24T18:13:06.539+0000] {logging_mixin.py:137} INFO - [2023-04-24T18:13:06.539+0000] {dag.py:2705} INFO - Sync 1 DAGs
[2023-04-24T18:13:06.574+0000] {logging_mixin.py:137} INFO - [2023-04-24T18:13:06.574+0000] {dag.py:3456} INFO - Setting next_dagrun for example_branch_operator to 2023-04-23T00:00:00+00:00, run_after=2023-04-24T00:00:00+00:00
[2023-04-24T18:13:06.601+0000] {processor.py:175} INFO - Processing /home/airflow/.local/lib/python3.7/site-packages/airflow/example_dags/example_branch_operator.py took 0.141 seconds
[2023-04-24T18:13:37.008+0000] {processor.py:153} INFO - Started process (PID=752) to work on /home/airflow/.local/lib/python3.7/site-packages/airflow/example_dags/example_branch_operator.py
[2023-04-24T18:13:37.011+0000] {processor.py:743} INFO - Processing file /home/airflow/.local/lib/python3.7/site-packages/airflow/example_dags/example_branch_operator.py for tasks to queue
[2023-04-24T18:13:37.013+0000] {logging_mixin.py:137} INFO - [2023-04-24T18:13:37.013+0000] {dagbag.py:532} INFO - Filling up the DagBag from /home/airflow/.local/lib/python3.7/site-packages/airflow/example_dags/example_branch_operator.py
[2023-04-24T18:13:37.036+0000] {processor.py:753} INFO - DAG(s) dict_keys(['example_branch_operator']) retrieved from /home/airflow/.local/lib/python3.7/site-packages/airflow/example_dags/example_branch_operator.py
[2023-04-24T18:13:37.075+0000] {logging_mixin.py:137} INFO - [2023-04-24T18:13:37.075+0000] {dag.py:2705} INFO - Sync 1 DAGs
[2023-04-24T18:13:37.113+0000] {logging_mixin.py:137} INFO - [2023-04-24T18:13:37.113+0000] {dag.py:3456} INFO - Setting next_dagrun for example_branch_operator to 2023-04-23T00:00:00+00:00, run_after=2023-04-24T00:00:00+00:00
[2023-04-24T18:13:37.141+0000] {processor.py:175} INFO - Processing /home/airflow/.local/lib/python3.7/site-packages/airflow/example_dags/example_branch_operator.py took 0.139 seconds
[2023-04-24T18:14:07.625+0000] {processor.py:153} INFO - Started process (PID=804) to work on /home/airflow/.local/lib/python3.7/site-packages/airflow/example_dags/example_branch_operator.py
[2023-04-24T18:14:07.629+0000] {processor.py:743} INFO - Processing file /home/airflow/.local/lib/python3.7/site-packages/airflow/example_dags/example_branch_operator.py for tasks to queue
[2023-04-24T18:14:07.633+0000] {logging_mixin.py:137} INFO - [2023-04-24T18:14:07.632+0000] {dagbag.py:532} INFO - Filling up the DagBag from /home/airflow/.local/lib/python3.7/site-packages/airflow/example_dags/example_branch_operator.py
[2023-04-24T18:14:07.661+0000] {processor.py:753} INFO - DAG(s) dict_keys(['example_branch_operator']) retrieved from /home/airflow/.local/lib/python3.7/site-packages/airflow/example_dags/example_branch_operator.py
[2023-04-24T18:14:07.710+0000] {logging_mixin.py:137} INFO - [2023-04-24T18:14:07.710+0000] {dag.py:2705} INFO - Sync 1 DAGs
[2023-04-24T18:14:07.754+0000] {logging_mixin.py:137} INFO - [2023-04-24T18:14:07.754+0000] {dag.py:3456} INFO - Setting next_dagrun for example_branch_operator to 2023-04-23T00:00:00+00:00, run_after=2023-04-24T00:00:00+00:00
[2023-04-24T18:14:07.789+0000] {processor.py:175} INFO - Processing /home/airflow/.local/lib/python3.7/site-packages/airflow/example_dags/example_branch_operator.py took 0.170 seconds
[2023-04-24T18:14:37.956+0000] {processor.py:153} INFO - Started process (PID=855) to work on /home/airflow/.local/lib/python3.7/site-packages/airflow/example_dags/example_branch_operator.py
[2023-04-24T18:14:37.961+0000] {processor.py:743} INFO - Processing file /home/airflow/.local/lib/python3.7/site-packages/airflow/example_dags/example_branch_operator.py for tasks to queue
[2023-04-24T18:14:37.966+0000] {logging_mixin.py:137} INFO - [2023-04-24T18:14:37.965+0000] {dagbag.py:532} INFO - Filling up the DagBag from /home/airflow/.local/lib/python3.7/site-packages/airflow/example_dags/example_branch_operator.py
[2023-04-24T18:14:38.002+0000] {processor.py:753} INFO - DAG(s) dict_keys(['example_branch_operator']) retrieved from /home/airflow/.local/lib/python3.7/site-packages/airflow/example_dags/example_branch_operator.py
[2023-04-24T18:14:38.053+0000] {logging_mixin.py:137} INFO - [2023-04-24T18:14:38.053+0000] {dag.py:2705} INFO - Sync 1 DAGs
[2023-04-24T18:14:38.104+0000] {logging_mixin.py:137} INFO - [2023-04-24T18:14:38.104+0000] {dag.py:3456} INFO - Setting next_dagrun for example_branch_operator to 2023-04-23T00:00:00+00:00, run_after=2023-04-24T00:00:00+00:00
[2023-04-24T18:14:38.182+0000] {processor.py:175} INFO - Processing /home/airflow/.local/lib/python3.7/site-packages/airflow/example_dags/example_branch_operator.py took 0.237 seconds
[2023-04-24T18:15:08.687+0000] {processor.py:153} INFO - Started process (PID=906) to work on /home/airflow/.local/lib/python3.7/site-packages/airflow/example_dags/example_branch_operator.py
[2023-04-24T18:15:08.691+0000] {processor.py:743} INFO - Processing file /home/airflow/.local/lib/python3.7/site-packages/airflow/example_dags/example_branch_operator.py for tasks to queue
[2023-04-24T18:15:08.694+0000] {logging_mixin.py:137} INFO - [2023-04-24T18:15:08.693+0000] {dagbag.py:532} INFO - Filling up the DagBag from /home/airflow/.local/lib/python3.7/site-packages/airflow/example_dags/example_branch_operator.py
[2023-04-24T18:15:08.726+0000] {processor.py:753} INFO - DAG(s) dict_keys(['example_branch_operator']) retrieved from /home/airflow/.local/lib/python3.7/site-packages/airflow/example_dags/example_branch_operator.py
[2023-04-24T18:15:08.767+0000] {logging_mixin.py:137} INFO - [2023-04-24T18:15:08.767+0000] {dag.py:2705} INFO - Sync 1 DAGs
[2023-04-24T18:15:08.811+0000] {logging_mixin.py:137} INFO - [2023-04-24T18:15:08.811+0000] {dag.py:3456} INFO - Setting next_dagrun for example_branch_operator to 2023-04-23T00:00:00+00:00, run_after=2023-04-24T00:00:00+00:00
[2023-04-24T18:15:08.846+0000] {processor.py:175} INFO - Processing /home/airflow/.local/lib/python3.7/site-packages/airflow/example_dags/example_branch_operator.py took 0.167 seconds
[2023-04-24T18:15:38.965+0000] {processor.py:153} INFO - Started process (PID=957) to work on /home/airflow/.local/lib/python3.7/site-packages/airflow/example_dags/example_branch_operator.py
[2023-04-24T18:15:38.967+0000] {processor.py:743} INFO - Processing file /home/airflow/.local/lib/python3.7/site-packages/airflow/example_dags/example_branch_operator.py for tasks to queue
[2023-04-24T18:15:38.970+0000] {logging_mixin.py:137} INFO - [2023-04-24T18:15:38.969+0000] {dagbag.py:532} INFO - Filling up the DagBag from /home/airflow/.local/lib/python3.7/site-packages/airflow/example_dags/example_branch_operator.py
[2023-04-24T18:15:38.993+0000] {processor.py:753} INFO - DAG(s) dict_keys(['example_branch_operator']) retrieved from /home/airflow/.local/lib/python3.7/site-packages/airflow/example_dags/example_branch_operator.py
[2023-04-24T18:15:39.030+0000] {logging_mixin.py:137} INFO - [2023-04-24T18:15:39.030+0000] {dag.py:2705} INFO - Sync 1 DAGs
[2023-04-24T18:15:39.069+0000] {logging_mixin.py:137} INFO - [2023-04-24T18:15:39.069+0000] {dag.py:3456} INFO - Setting next_dagrun for example_branch_operator to 2023-04-23T00:00:00+00:00, run_after=2023-04-24T00:00:00+00:00
[2023-04-24T18:15:39.103+0000] {processor.py:175} INFO - Processing /home/airflow/.local/lib/python3.7/site-packages/airflow/example_dags/example_branch_operator.py took 0.145 seconds
[2023-04-24T18:16:09.529+0000] {processor.py:153} INFO - Started process (PID=1008) to work on /home/airflow/.local/lib/python3.7/site-packages/airflow/example_dags/example_branch_operator.py
[2023-04-24T18:16:09.532+0000] {processor.py:743} INFO - Processing file /home/airflow/.local/lib/python3.7/site-packages/airflow/example_dags/example_branch_operator.py for tasks to queue
[2023-04-24T18:16:09.534+0000] {logging_mixin.py:137} INFO - [2023-04-24T18:16:09.534+0000] {dagbag.py:532} INFO - Filling up the DagBag from /home/airflow/.local/lib/python3.7/site-packages/airflow/example_dags/example_branch_operator.py
[2023-04-24T18:16:09.570+0000] {processor.py:753} INFO - DAG(s) dict_keys(['example_branch_operator']) retrieved from /home/airflow/.local/lib/python3.7/site-packages/airflow/example_dags/example_branch_operator.py
[2023-04-24T18:16:09.619+0000] {logging_mixin.py:137} INFO - [2023-04-24T18:16:09.619+0000] {dag.py:2705} INFO - Sync 1 DAGs
[2023-04-24T18:16:09.659+0000] {logging_mixin.py:137} INFO - [2023-04-24T18:16:09.658+0000] {dag.py:3456} INFO - Setting next_dagrun for example_branch_operator to 2023-04-23T00:00:00+00:00, run_after=2023-04-24T00:00:00+00:00
[2023-04-24T18:16:09.688+0000] {processor.py:175} INFO - Processing /home/airflow/.local/lib/python3.7/site-packages/airflow/example_dags/example_branch_operator.py took 0.166 seconds
[2023-04-24T18:16:39.749+0000] {processor.py:153} INFO - Started process (PID=1058) to work on /home/airflow/.local/lib/python3.7/site-packages/airflow/example_dags/example_branch_operator.py
[2023-04-24T18:16:39.752+0000] {processor.py:743} INFO - Processing file /home/airflow/.local/lib/python3.7/site-packages/airflow/example_dags/example_branch_operator.py for tasks to queue
[2023-04-24T18:16:39.754+0000] {logging_mixin.py:137} INFO - [2023-04-24T18:16:39.754+0000] {dagbag.py:532} INFO - Filling up the DagBag from /home/airflow/.local/lib/python3.7/site-packages/airflow/example_dags/example_branch_operator.py
[2023-04-24T18:16:39.780+0000] {processor.py:753} INFO - DAG(s) dict_keys(['example_branch_operator']) retrieved from /home/airflow/.local/lib/python3.7/site-packages/airflow/example_dags/example_branch_operator.py
[2023-04-24T18:16:39.817+0000] {logging_mixin.py:137} INFO - [2023-04-24T18:16:39.817+0000] {dag.py:2705} INFO - Sync 1 DAGs
[2023-04-24T18:16:39.853+0000] {logging_mixin.py:137} INFO - [2023-04-24T18:16:39.853+0000] {dag.py:3456} INFO - Setting next_dagrun for example_branch_operator to 2023-04-23T00:00:00+00:00, run_after=2023-04-24T00:00:00+00:00
[2023-04-24T18:16:39.881+0000] {processor.py:175} INFO - Processing /home/airflow/.local/lib/python3.7/site-packages/airflow/example_dags/example_branch_operator.py took 0.138 seconds
[2023-04-24T18:17:10.281+0000] {processor.py:153} INFO - Started process (PID=1111) to work on /home/airflow/.local/lib/python3.7/site-packages/airflow/example_dags/example_branch_operator.py
[2023-04-24T18:17:10.284+0000] {processor.py:743} INFO - Processing file /home/airflow/.local/lib/python3.7/site-packages/airflow/example_dags/example_branch_operator.py for tasks to queue
[2023-04-24T18:17:10.286+0000] {logging_mixin.py:137} INFO - [2023-04-24T18:17:10.285+0000] {dagbag.py:532} INFO - Filling up the DagBag from /home/airflow/.local/lib/python3.7/site-packages/airflow/example_dags/example_branch_operator.py
[2023-04-24T18:17:10.311+0000] {processor.py:753} INFO - DAG(s) dict_keys(['example_branch_operator']) retrieved from /home/airflow/.local/lib/python3.7/site-packages/airflow/example_dags/example_branch_operator.py
[2023-04-24T18:17:10.352+0000] {logging_mixin.py:137} INFO - [2023-04-24T18:17:10.352+0000] {dag.py:2705} INFO - Sync 1 DAGs
[2023-04-24T18:17:10.392+0000] {logging_mixin.py:137} INFO - [2023-04-24T18:17:10.391+0000] {dag.py:3456} INFO - Setting next_dagrun for example_branch_operator to 2023-04-23T00:00:00+00:00, run_after=2023-04-24T00:00:00+00:00
[2023-04-24T18:17:10.420+0000] {processor.py:175} INFO - Processing /home/airflow/.local/lib/python3.7/site-packages/airflow/example_dags/example_branch_operator.py took 0.144 seconds
[2023-04-24T18:17:41.217+0000] {processor.py:153} INFO - Started process (PID=1163) to work on /home/airflow/.local/lib/python3.7/site-packages/airflow/example_dags/example_branch_operator.py
[2023-04-24T18:17:41.219+0000] {processor.py:743} INFO - Processing file /home/airflow/.local/lib/python3.7/site-packages/airflow/example_dags/example_branch_operator.py for tasks to queue
[2023-04-24T18:17:41.221+0000] {logging_mixin.py:137} INFO - [2023-04-24T18:17:41.221+0000] {dagbag.py:532} INFO - Filling up the DagBag from /home/airflow/.local/lib/python3.7/site-packages/airflow/example_dags/example_branch_operator.py
[2023-04-24T18:17:41.246+0000] {processor.py:753} INFO - DAG(s) dict_keys(['example_branch_operator']) retrieved from /home/airflow/.local/lib/python3.7/site-packages/airflow/example_dags/example_branch_operator.py
[2023-04-24T18:17:41.290+0000] {logging_mixin.py:137} INFO - [2023-04-24T18:17:41.290+0000] {dag.py:2705} INFO - Sync 1 DAGs
[2023-04-24T18:17:41.331+0000] {logging_mixin.py:137} INFO - [2023-04-24T18:17:41.330+0000] {dag.py:3456} INFO - Setting next_dagrun for example_branch_operator to 2023-04-23T00:00:00+00:00, run_after=2023-04-24T00:00:00+00:00
[2023-04-24T18:17:41.362+0000] {processor.py:175} INFO - Processing /home/airflow/.local/lib/python3.7/site-packages/airflow/example_dags/example_branch_operator.py took 0.151 seconds
[2023-04-24T18:18:11.639+0000] {processor.py:153} INFO - Started process (PID=1214) to work on /home/airflow/.local/lib/python3.7/site-packages/airflow/example_dags/example_branch_operator.py
[2023-04-24T18:18:11.642+0000] {processor.py:743} INFO - Processing file /home/airflow/.local/lib/python3.7/site-packages/airflow/example_dags/example_branch_operator.py for tasks to queue
[2023-04-24T18:18:11.645+0000] {logging_mixin.py:137} INFO - [2023-04-24T18:18:11.644+0000] {dagbag.py:532} INFO - Filling up the DagBag from /home/airflow/.local/lib/python3.7/site-packages/airflow/example_dags/example_branch_operator.py
[2023-04-24T18:18:11.668+0000] {processor.py:753} INFO - DAG(s) dict_keys(['example_branch_operator']) retrieved from /home/airflow/.local/lib/python3.7/site-packages/airflow/example_dags/example_branch_operator.py
[2023-04-24T18:18:11.707+0000] {logging_mixin.py:137} INFO - [2023-04-24T18:18:11.706+0000] {dag.py:2705} INFO - Sync 1 DAGs
[2023-04-24T18:18:11.744+0000] {logging_mixin.py:137} INFO - [2023-04-24T18:18:11.744+0000] {dag.py:3456} INFO - Setting next_dagrun for example_branch_operator to 2023-04-23T00:00:00+00:00, run_after=2023-04-24T00:00:00+00:00
[2023-04-24T18:18:11.774+0000] {processor.py:175} INFO - Processing /home/airflow/.local/lib/python3.7/site-packages/airflow/example_dags/example_branch_operator.py took 0.141 seconds
[2023-04-24T18:18:42.398+0000] {processor.py:153} INFO - Started process (PID=1265) to work on /home/airflow/.local/lib/python3.7/site-packages/airflow/example_dags/example_branch_operator.py
[2023-04-24T18:18:42.401+0000] {processor.py:743} INFO - Processing file /home/airflow/.local/lib/python3.7/site-packages/airflow/example_dags/example_branch_operator.py for tasks to queue
[2023-04-24T18:18:42.403+0000] {logging_mixin.py:137} INFO - [2023-04-24T18:18:42.403+0000] {dagbag.py:532} INFO - Filling up the DagBag from /home/airflow/.local/lib/python3.7/site-packages/airflow/example_dags/example_branch_operator.py
[2023-04-24T18:18:42.428+0000] {processor.py:753} INFO - DAG(s) dict_keys(['example_branch_operator']) retrieved from /home/airflow/.local/lib/python3.7/site-packages/airflow/example_dags/example_branch_operator.py
[2023-04-24T18:18:42.486+0000] {logging_mixin.py:137} INFO - [2023-04-24T18:18:42.485+0000] {dag.py:2705} INFO - Sync 1 DAGs
[2023-04-24T18:18:42.632+0000] {logging_mixin.py:137} INFO - [2023-04-24T18:18:42.632+0000] {dag.py:3456} INFO - Setting next_dagrun for example_branch_operator to 2023-04-23T00:00:00+00:00, run_after=2023-04-24T00:00:00+00:00
[2023-04-24T18:18:42.660+0000] {processor.py:175} INFO - Processing /home/airflow/.local/lib/python3.7/site-packages/airflow/example_dags/example_branch_operator.py took 0.269 seconds
[2023-04-24T18:19:13.142+0000] {processor.py:153} INFO - Started process (PID=1316) to work on /home/airflow/.local/lib/python3.7/site-packages/airflow/example_dags/example_branch_operator.py
[2023-04-24T18:19:13.146+0000] {processor.py:743} INFO - Processing file /home/airflow/.local/lib/python3.7/site-packages/airflow/example_dags/example_branch_operator.py for tasks to queue
[2023-04-24T18:19:13.148+0000] {logging_mixin.py:137} INFO - [2023-04-24T18:19:13.148+0000] {dagbag.py:532} INFO - Filling up the DagBag from /home/airflow/.local/lib/python3.7/site-packages/airflow/example_dags/example_branch_operator.py
[2023-04-24T18:19:13.175+0000] {processor.py:753} INFO - DAG(s) dict_keys(['example_branch_operator']) retrieved from /home/airflow/.local/lib/python3.7/site-packages/airflow/example_dags/example_branch_operator.py
[2023-04-24T18:19:13.216+0000] {logging_mixin.py:137} INFO - [2023-04-24T18:19:13.216+0000] {dag.py:2705} INFO - Sync 1 DAGs
[2023-04-24T18:19:13.255+0000] {logging_mixin.py:137} INFO - [2023-04-24T18:19:13.254+0000] {dag.py:3456} INFO - Setting next_dagrun for example_branch_operator to 2023-04-23T00:00:00+00:00, run_after=2023-04-24T00:00:00+00:00
[2023-04-24T18:19:13.283+0000] {processor.py:175} INFO - Processing /home/airflow/.local/lib/python3.7/site-packages/airflow/example_dags/example_branch_operator.py took 0.151 seconds
[2023-04-24T18:19:43.840+0000] {processor.py:153} INFO - Started process (PID=1367) to work on /home/airflow/.local/lib/python3.7/site-packages/airflow/example_dags/example_branch_operator.py
[2023-04-24T18:19:43.842+0000] {processor.py:743} INFO - Processing file /home/airflow/.local/lib/python3.7/site-packages/airflow/example_dags/example_branch_operator.py for tasks to queue
[2023-04-24T18:19:43.846+0000] {logging_mixin.py:137} INFO - [2023-04-24T18:19:43.846+0000] {dagbag.py:532} INFO - Filling up the DagBag from /home/airflow/.local/lib/python3.7/site-packages/airflow/example_dags/example_branch_operator.py
[2023-04-24T18:19:43.871+0000] {processor.py:753} INFO - DAG(s) dict_keys(['example_branch_operator']) retrieved from /home/airflow/.local/lib/python3.7/site-packages/airflow/example_dags/example_branch_operator.py
[2023-04-24T18:19:43.912+0000] {logging_mixin.py:137} INFO - [2023-04-24T18:19:43.912+0000] {dag.py:2705} INFO - Sync 1 DAGs
[2023-04-24T18:19:43.949+0000] {logging_mixin.py:137} INFO - [2023-04-24T18:19:43.949+0000] {dag.py:3456} INFO - Setting next_dagrun for example_branch_operator to 2023-04-23T00:00:00+00:00, run_after=2023-04-24T00:00:00+00:00
[2023-04-24T18:19:43.976+0000] {processor.py:175} INFO - Processing /home/airflow/.local/lib/python3.7/site-packages/airflow/example_dags/example_branch_operator.py took 0.142 seconds
[2023-04-24T18:20:14.307+0000] {processor.py:153} INFO - Started process (PID=1418) to work on /home/airflow/.local/lib/python3.7/site-packages/airflow/example_dags/example_branch_operator.py
[2023-04-24T18:20:14.310+0000] {processor.py:743} INFO - Processing file /home/airflow/.local/lib/python3.7/site-packages/airflow/example_dags/example_branch_operator.py for tasks to queue
[2023-04-24T18:20:14.312+0000] {logging_mixin.py:137} INFO - [2023-04-24T18:20:14.312+0000] {dagbag.py:532} INFO - Filling up the DagBag from /home/airflow/.local/lib/python3.7/site-packages/airflow/example_dags/example_branch_operator.py
[2023-04-24T18:20:14.336+0000] {processor.py:753} INFO - DAG(s) dict_keys(['example_branch_operator']) retrieved from /home/airflow/.local/lib/python3.7/site-packages/airflow/example_dags/example_branch_operator.py
[2023-04-24T18:20:14.376+0000] {logging_mixin.py:137} INFO - [2023-04-24T18:20:14.376+0000] {dag.py:2705} INFO - Sync 1 DAGs
[2023-04-24T18:20:14.413+0000] {logging_mixin.py:137} INFO - [2023-04-24T18:20:14.412+0000] {dag.py:3456} INFO - Setting next_dagrun for example_branch_operator to 2023-04-23T00:00:00+00:00, run_after=2023-04-24T00:00:00+00:00
[2023-04-24T18:20:14.437+0000] {processor.py:175} INFO - Processing /home/airflow/.local/lib/python3.7/site-packages/airflow/example_dags/example_branch_operator.py took 0.135 seconds
[2023-04-24T18:20:44.659+0000] {processor.py:153} INFO - Started process (PID=1469) to work on /home/airflow/.local/lib/python3.7/site-packages/airflow/example_dags/example_branch_operator.py
[2023-04-24T18:20:44.661+0000] {processor.py:743} INFO - Processing file /home/airflow/.local/lib/python3.7/site-packages/airflow/example_dags/example_branch_operator.py for tasks to queue
[2023-04-24T18:20:44.663+0000] {logging_mixin.py:137} INFO - [2023-04-24T18:20:44.662+0000] {dagbag.py:532} INFO - Filling up the DagBag from /home/airflow/.local/lib/python3.7/site-packages/airflow/example_dags/example_branch_operator.py
[2023-04-24T18:20:44.688+0000] {processor.py:753} INFO - DAG(s) dict_keys(['example_branch_operator']) retrieved from /home/airflow/.local/lib/python3.7/site-packages/airflow/example_dags/example_branch_operator.py
[2023-04-24T18:20:44.733+0000] {logging_mixin.py:137} INFO - [2023-04-24T18:20:44.733+0000] {dag.py:2705} INFO - Sync 1 DAGs
[2023-04-24T18:20:44.776+0000] {logging_mixin.py:137} INFO - [2023-04-24T18:20:44.776+0000] {dag.py:3456} INFO - Setting next_dagrun for example_branch_operator to 2023-04-23T00:00:00+00:00, run_after=2023-04-24T00:00:00+00:00
[2023-04-24T18:20:44.809+0000] {processor.py:175} INFO - Processing /home/airflow/.local/lib/python3.7/site-packages/airflow/example_dags/example_branch_operator.py took 0.157 seconds
[2023-04-24T18:21:15.168+0000] {processor.py:153} INFO - Started process (PID=1522) to work on /home/airflow/.local/lib/python3.7/site-packages/airflow/example_dags/example_branch_operator.py
[2023-04-24T18:21:15.171+0000] {processor.py:743} INFO - Processing file /home/airflow/.local/lib/python3.7/site-packages/airflow/example_dags/example_branch_operator.py for tasks to queue
[2023-04-24T18:21:15.173+0000] {logging_mixin.py:137} INFO - [2023-04-24T18:21:15.173+0000] {dagbag.py:532} INFO - Filling up the DagBag from /home/airflow/.local/lib/python3.7/site-packages/airflow/example_dags/example_branch_operator.py
[2023-04-24T18:21:15.202+0000] {processor.py:753} INFO - DAG(s) dict_keys(['example_branch_operator']) retrieved from /home/airflow/.local/lib/python3.7/site-packages/airflow/example_dags/example_branch_operator.py
[2023-04-24T18:21:15.245+0000] {logging_mixin.py:137} INFO - [2023-04-24T18:21:15.245+0000] {dag.py:2705} INFO - Sync 1 DAGs
[2023-04-24T18:21:15.282+0000] {logging_mixin.py:137} INFO - [2023-04-24T18:21:15.281+0000] {dag.py:3456} INFO - Setting next_dagrun for example_branch_operator to 2023-04-23T00:00:00+00:00, run_after=2023-04-24T00:00:00+00:00
[2023-04-24T18:21:15.312+0000] {processor.py:175} INFO - Processing /home/airflow/.local/lib/python3.7/site-packages/airflow/example_dags/example_branch_operator.py took 0.150 seconds
[2023-04-24T18:21:45.412+0000] {processor.py:153} INFO - Started process (PID=1573) to work on /home/airflow/.local/lib/python3.7/site-packages/airflow/example_dags/example_branch_operator.py
[2023-04-24T18:21:45.414+0000] {processor.py:743} INFO - Processing file /home/airflow/.local/lib/python3.7/site-packages/airflow/example_dags/example_branch_operator.py for tasks to queue
[2023-04-24T18:21:45.416+0000] {logging_mixin.py:137} INFO - [2023-04-24T18:21:45.416+0000] {dagbag.py:532} INFO - Filling up the DagBag from /home/airflow/.local/lib/python3.7/site-packages/airflow/example_dags/example_branch_operator.py
[2023-04-24T18:21:45.440+0000] {processor.py:753} INFO - DAG(s) dict_keys(['example_branch_operator']) retrieved from /home/airflow/.local/lib/python3.7/site-packages/airflow/example_dags/example_branch_operator.py
[2023-04-24T18:21:45.486+0000] {logging_mixin.py:137} INFO - [2023-04-24T18:21:45.485+0000] {dag.py:2705} INFO - Sync 1 DAGs
[2023-04-24T18:21:45.525+0000] {logging_mixin.py:137} INFO - [2023-04-24T18:21:45.525+0000] {dag.py:3456} INFO - Setting next_dagrun for example_branch_operator to 2023-04-23T00:00:00+00:00, run_after=2023-04-24T00:00:00+00:00
[2023-04-24T18:21:45.553+0000] {processor.py:175} INFO - Processing /home/airflow/.local/lib/python3.7/site-packages/airflow/example_dags/example_branch_operator.py took 0.146 seconds
[2023-04-24T18:22:16.245+0000] {processor.py:153} INFO - Started process (PID=1624) to work on /home/airflow/.local/lib/python3.7/site-packages/airflow/example_dags/example_branch_operator.py
[2023-04-24T18:22:16.247+0000] {processor.py:743} INFO - Processing file /home/airflow/.local/lib/python3.7/site-packages/airflow/example_dags/example_branch_operator.py for tasks to queue
[2023-04-24T18:22:16.249+0000] {logging_mixin.py:137} INFO - [2023-04-24T18:22:16.249+0000] {dagbag.py:532} INFO - Filling up the DagBag from /home/airflow/.local/lib/python3.7/site-packages/airflow/example_dags/example_branch_operator.py
[2023-04-24T18:22:16.275+0000] {processor.py:753} INFO - DAG(s) dict_keys(['example_branch_operator']) retrieved from /home/airflow/.local/lib/python3.7/site-packages/airflow/example_dags/example_branch_operator.py
[2023-04-24T18:22:16.315+0000] {logging_mixin.py:137} INFO - [2023-04-24T18:22:16.315+0000] {dag.py:2705} INFO - Sync 1 DAGs
[2023-04-24T18:22:16.353+0000] {logging_mixin.py:137} INFO - [2023-04-24T18:22:16.352+0000] {dag.py:3456} INFO - Setting next_dagrun for example_branch_operator to 2023-04-23T00:00:00+00:00, run_after=2023-04-24T00:00:00+00:00
[2023-04-24T18:22:16.379+0000] {processor.py:175} INFO - Processing /home/airflow/.local/lib/python3.7/site-packages/airflow/example_dags/example_branch_operator.py took 0.140 seconds
[2023-04-24T18:22:46.677+0000] {processor.py:153} INFO - Started process (PID=1675) to work on /home/airflow/.local/lib/python3.7/site-packages/airflow/example_dags/example_branch_operator.py
[2023-04-24T18:22:46.680+0000] {processor.py:743} INFO - Processing file /home/airflow/.local/lib/python3.7/site-packages/airflow/example_dags/example_branch_operator.py for tasks to queue
[2023-04-24T18:22:46.682+0000] {logging_mixin.py:137} INFO - [2023-04-24T18:22:46.682+0000] {dagbag.py:532} INFO - Filling up the DagBag from /home/airflow/.local/lib/python3.7/site-packages/airflow/example_dags/example_branch_operator.py
[2023-04-24T18:22:46.710+0000] {processor.py:753} INFO - DAG(s) dict_keys(['example_branch_operator']) retrieved from /home/airflow/.local/lib/python3.7/site-packages/airflow/example_dags/example_branch_operator.py
[2023-04-24T18:22:46.750+0000] {logging_mixin.py:137} INFO - [2023-04-24T18:22:46.750+0000] {dag.py:2705} INFO - Sync 1 DAGs
[2023-04-24T18:22:46.790+0000] {logging_mixin.py:137} INFO - [2023-04-24T18:22:46.790+0000] {dag.py:3456} INFO - Setting next_dagrun for example_branch_operator to 2023-04-23T00:00:00+00:00, run_after=2023-04-24T00:00:00+00:00
[2023-04-24T18:22:46.817+0000] {processor.py:175} INFO - Processing /home/airflow/.local/lib/python3.7/site-packages/airflow/example_dags/example_branch_operator.py took 0.145 seconds
[2023-04-24T18:23:16.969+0000] {processor.py:153} INFO - Started process (PID=1726) to work on /home/airflow/.local/lib/python3.7/site-packages/airflow/example_dags/example_branch_operator.py
[2023-04-24T18:23:16.972+0000] {processor.py:743} INFO - Processing file /home/airflow/.local/lib/python3.7/site-packages/airflow/example_dags/example_branch_operator.py for tasks to queue
[2023-04-24T18:23:16.974+0000] {logging_mixin.py:137} INFO - [2023-04-24T18:23:16.974+0000] {dagbag.py:532} INFO - Filling up the DagBag from /home/airflow/.local/lib/python3.7/site-packages/airflow/example_dags/example_branch_operator.py
[2023-04-24T18:23:17.002+0000] {processor.py:753} INFO - DAG(s) dict_keys(['example_branch_operator']) retrieved from /home/airflow/.local/lib/python3.7/site-packages/airflow/example_dags/example_branch_operator.py
[2023-04-24T18:23:17.039+0000] {logging_mixin.py:137} INFO - [2023-04-24T18:23:17.039+0000] {dag.py:2705} INFO - Sync 1 DAGs
[2023-04-24T18:23:17.075+0000] {logging_mixin.py:137} INFO - [2023-04-24T18:23:17.075+0000] {dag.py:3456} INFO - Setting next_dagrun for example_branch_operator to 2023-04-23T00:00:00+00:00, run_after=2023-04-24T00:00:00+00:00
[2023-04-24T18:23:17.102+0000] {processor.py:175} INFO - Processing /home/airflow/.local/lib/python3.7/site-packages/airflow/example_dags/example_branch_operator.py took 0.138 seconds
[2023-04-24T18:23:47.274+0000] {processor.py:153} INFO - Started process (PID=1777) to work on /home/airflow/.local/lib/python3.7/site-packages/airflow/example_dags/example_branch_operator.py
[2023-04-24T18:23:47.279+0000] {processor.py:743} INFO - Processing file /home/airflow/.local/lib/python3.7/site-packages/airflow/example_dags/example_branch_operator.py for tasks to queue
[2023-04-24T18:23:47.282+0000] {logging_mixin.py:137} INFO - [2023-04-24T18:23:47.281+0000] {dagbag.py:532} INFO - Filling up the DagBag from /home/airflow/.local/lib/python3.7/site-packages/airflow/example_dags/example_branch_operator.py
[2023-04-24T18:23:47.318+0000] {processor.py:753} INFO - DAG(s) dict_keys(['example_branch_operator']) retrieved from /home/airflow/.local/lib/python3.7/site-packages/airflow/example_dags/example_branch_operator.py
[2023-04-24T18:23:47.367+0000] {logging_mixin.py:137} INFO - [2023-04-24T18:23:47.367+0000] {dag.py:2705} INFO - Sync 1 DAGs
[2023-04-24T18:23:47.410+0000] {logging_mixin.py:137} INFO - [2023-04-24T18:23:47.409+0000] {dag.py:3456} INFO - Setting next_dagrun for example_branch_operator to 2023-04-23T00:00:00+00:00, run_after=2023-04-24T00:00:00+00:00
[2023-04-24T18:23:47.445+0000] {processor.py:175} INFO - Processing /home/airflow/.local/lib/python3.7/site-packages/airflow/example_dags/example_branch_operator.py took 0.181 seconds
[2023-04-24T18:24:17.489+0000] {processor.py:153} INFO - Started process (PID=1829) to work on /home/airflow/.local/lib/python3.7/site-packages/airflow/example_dags/example_branch_operator.py
[2023-04-24T18:24:17.492+0000] {processor.py:743} INFO - Processing file /home/airflow/.local/lib/python3.7/site-packages/airflow/example_dags/example_branch_operator.py for tasks to queue
[2023-04-24T18:24:17.494+0000] {logging_mixin.py:137} INFO - [2023-04-24T18:24:17.493+0000] {dagbag.py:532} INFO - Filling up the DagBag from /home/airflow/.local/lib/python3.7/site-packages/airflow/example_dags/example_branch_operator.py
[2023-04-24T18:24:17.516+0000] {processor.py:753} INFO - DAG(s) dict_keys(['example_branch_operator']) retrieved from /home/airflow/.local/lib/python3.7/site-packages/airflow/example_dags/example_branch_operator.py
[2023-04-24T18:24:17.557+0000] {logging_mixin.py:137} INFO - [2023-04-24T18:24:17.557+0000] {dag.py:2705} INFO - Sync 1 DAGs
[2023-04-24T18:24:17.593+0000] {logging_mixin.py:137} INFO - [2023-04-24T18:24:17.593+0000] {dag.py:3456} INFO - Setting next_dagrun for example_branch_operator to 2023-04-23T00:00:00+00:00, run_after=2023-04-24T00:00:00+00:00
[2023-04-24T18:24:17.618+0000] {processor.py:175} INFO - Processing /home/airflow/.local/lib/python3.7/site-packages/airflow/example_dags/example_branch_operator.py took 0.134 seconds
[2023-04-24T18:24:47.692+0000] {processor.py:153} INFO - Started process (PID=1879) to work on /home/airflow/.local/lib/python3.7/site-packages/airflow/example_dags/example_branch_operator.py
[2023-04-24T18:24:47.694+0000] {processor.py:743} INFO - Processing file /home/airflow/.local/lib/python3.7/site-packages/airflow/example_dags/example_branch_operator.py for tasks to queue
[2023-04-24T18:24:47.696+0000] {logging_mixin.py:137} INFO - [2023-04-24T18:24:47.696+0000] {dagbag.py:532} INFO - Filling up the DagBag from /home/airflow/.local/lib/python3.7/site-packages/airflow/example_dags/example_branch_operator.py
[2023-04-24T18:24:47.720+0000] {processor.py:753} INFO - DAG(s) dict_keys(['example_branch_operator']) retrieved from /home/airflow/.local/lib/python3.7/site-packages/airflow/example_dags/example_branch_operator.py
[2023-04-24T18:24:47.758+0000] {logging_mixin.py:137} INFO - [2023-04-24T18:24:47.758+0000] {dag.py:2705} INFO - Sync 1 DAGs
[2023-04-24T18:24:47.798+0000] {logging_mixin.py:137} INFO - [2023-04-24T18:24:47.798+0000] {dag.py:3456} INFO - Setting next_dagrun for example_branch_operator to 2023-04-23T00:00:00+00:00, run_after=2023-04-24T00:00:00+00:00
[2023-04-24T18:24:47.824+0000] {processor.py:175} INFO - Processing /home/airflow/.local/lib/python3.7/site-packages/airflow/example_dags/example_branch_operator.py took 0.137 seconds
[2023-04-24T18:25:18.179+0000] {processor.py:153} INFO - Started process (PID=1930) to work on /home/airflow/.local/lib/python3.7/site-packages/airflow/example_dags/example_branch_operator.py
[2023-04-24T18:25:18.182+0000] {processor.py:743} INFO - Processing file /home/airflow/.local/lib/python3.7/site-packages/airflow/example_dags/example_branch_operator.py for tasks to queue
[2023-04-24T18:25:18.184+0000] {logging_mixin.py:137} INFO - [2023-04-24T18:25:18.184+0000] {dagbag.py:532} INFO - Filling up the DagBag from /home/airflow/.local/lib/python3.7/site-packages/airflow/example_dags/example_branch_operator.py
[2023-04-24T18:25:18.208+0000] {processor.py:753} INFO - DAG(s) dict_keys(['example_branch_operator']) retrieved from /home/airflow/.local/lib/python3.7/site-packages/airflow/example_dags/example_branch_operator.py
[2023-04-24T18:25:18.246+0000] {logging_mixin.py:137} INFO - [2023-04-24T18:25:18.246+0000] {dag.py:2705} INFO - Sync 1 DAGs
[2023-04-24T18:25:18.282+0000] {logging_mixin.py:137} INFO - [2023-04-24T18:25:18.282+0000] {dag.py:3456} INFO - Setting next_dagrun for example_branch_operator to 2023-04-23T00:00:00+00:00, run_after=2023-04-24T00:00:00+00:00
[2023-04-24T18:25:18.307+0000] {processor.py:175} INFO - Processing /home/airflow/.local/lib/python3.7/site-packages/airflow/example_dags/example_branch_operator.py took 0.132 seconds
[2023-04-24T18:25:48.869+0000] {processor.py:153} INFO - Started process (PID=1980) to work on /home/airflow/.local/lib/python3.7/site-packages/airflow/example_dags/example_branch_operator.py
[2023-04-24T18:25:48.871+0000] {processor.py:743} INFO - Processing file /home/airflow/.local/lib/python3.7/site-packages/airflow/example_dags/example_branch_operator.py for tasks to queue
[2023-04-24T18:25:48.873+0000] {logging_mixin.py:137} INFO - [2023-04-24T18:25:48.873+0000] {dagbag.py:532} INFO - Filling up the DagBag from /home/airflow/.local/lib/python3.7/site-packages/airflow/example_dags/example_branch_operator.py
[2023-04-24T18:25:48.896+0000] {processor.py:753} INFO - DAG(s) dict_keys(['example_branch_operator']) retrieved from /home/airflow/.local/lib/python3.7/site-packages/airflow/example_dags/example_branch_operator.py
[2023-04-24T18:25:48.938+0000] {logging_mixin.py:137} INFO - [2023-04-24T18:25:48.937+0000] {dag.py:2705} INFO - Sync 1 DAGs
[2023-04-24T18:25:48.977+0000] {logging_mixin.py:137} INFO - [2023-04-24T18:25:48.976+0000] {dag.py:3456} INFO - Setting next_dagrun for example_branch_operator to 2023-04-23T00:00:00+00:00, run_after=2023-04-24T00:00:00+00:00
[2023-04-24T18:25:49.004+0000] {processor.py:175} INFO - Processing /home/airflow/.local/lib/python3.7/site-packages/airflow/example_dags/example_branch_operator.py took 0.143 seconds
[2023-04-24T18:26:19.624+0000] {processor.py:153} INFO - Started process (PID=2031) to work on /home/airflow/.local/lib/python3.7/site-packages/airflow/example_dags/example_branch_operator.py
[2023-04-24T18:26:19.626+0000] {processor.py:743} INFO - Processing file /home/airflow/.local/lib/python3.7/site-packages/airflow/example_dags/example_branch_operator.py for tasks to queue
[2023-04-24T18:26:19.628+0000] {logging_mixin.py:137} INFO - [2023-04-24T18:26:19.628+0000] {dagbag.py:532} INFO - Filling up the DagBag from /home/airflow/.local/lib/python3.7/site-packages/airflow/example_dags/example_branch_operator.py
[2023-04-24T18:26:19.652+0000] {processor.py:753} INFO - DAG(s) dict_keys(['example_branch_operator']) retrieved from /home/airflow/.local/lib/python3.7/site-packages/airflow/example_dags/example_branch_operator.py
[2023-04-24T18:26:19.697+0000] {logging_mixin.py:137} INFO - [2023-04-24T18:26:19.696+0000] {dag.py:2705} INFO - Sync 1 DAGs
[2023-04-24T18:26:19.735+0000] {logging_mixin.py:137} INFO - [2023-04-24T18:26:19.735+0000] {dag.py:3456} INFO - Setting next_dagrun for example_branch_operator to 2023-04-23T00:00:00+00:00, run_after=2023-04-24T00:00:00+00:00
[2023-04-24T18:26:19.770+0000] {processor.py:175} INFO - Processing /home/airflow/.local/lib/python3.7/site-packages/airflow/example_dags/example_branch_operator.py took 0.151 seconds
[2023-04-24T18:26:50.134+0000] {processor.py:153} INFO - Started process (PID=2082) to work on /home/airflow/.local/lib/python3.7/site-packages/airflow/example_dags/example_branch_operator.py
[2023-04-24T18:26:50.137+0000] {processor.py:743} INFO - Processing file /home/airflow/.local/lib/python3.7/site-packages/airflow/example_dags/example_branch_operator.py for tasks to queue
[2023-04-24T18:26:50.139+0000] {logging_mixin.py:137} INFO - [2023-04-24T18:26:50.139+0000] {dagbag.py:532} INFO - Filling up the DagBag from /home/airflow/.local/lib/python3.7/site-packages/airflow/example_dags/example_branch_operator.py
[2023-04-24T18:26:50.166+0000] {processor.py:753} INFO - DAG(s) dict_keys(['example_branch_operator']) retrieved from /home/airflow/.local/lib/python3.7/site-packages/airflow/example_dags/example_branch_operator.py
[2023-04-24T18:26:50.214+0000] {logging_mixin.py:137} INFO - [2023-04-24T18:26:50.214+0000] {dag.py:2705} INFO - Sync 1 DAGs
[2023-04-24T18:26:50.257+0000] {logging_mixin.py:137} INFO - [2023-04-24T18:26:50.257+0000] {dag.py:3456} INFO - Setting next_dagrun for example_branch_operator to 2023-04-23T00:00:00+00:00, run_after=2023-04-24T00:00:00+00:00
[2023-04-24T18:26:50.290+0000] {processor.py:175} INFO - Processing /home/airflow/.local/lib/python3.7/site-packages/airflow/example_dags/example_branch_operator.py took 0.161 seconds
[2023-04-24T18:27:20.778+0000] {processor.py:153} INFO - Started process (PID=2133) to work on /home/airflow/.local/lib/python3.7/site-packages/airflow/example_dags/example_branch_operator.py
[2023-04-24T18:27:20.780+0000] {processor.py:743} INFO - Processing file /home/airflow/.local/lib/python3.7/site-packages/airflow/example_dags/example_branch_operator.py for tasks to queue
[2023-04-24T18:27:20.782+0000] {logging_mixin.py:137} INFO - [2023-04-24T18:27:20.782+0000] {dagbag.py:532} INFO - Filling up the DagBag from /home/airflow/.local/lib/python3.7/site-packages/airflow/example_dags/example_branch_operator.py
[2023-04-24T18:27:20.806+0000] {processor.py:753} INFO - DAG(s) dict_keys(['example_branch_operator']) retrieved from /home/airflow/.local/lib/python3.7/site-packages/airflow/example_dags/example_branch_operator.py
[2023-04-24T18:27:20.849+0000] {logging_mixin.py:137} INFO - [2023-04-24T18:27:20.849+0000] {dag.py:2705} INFO - Sync 1 DAGs
[2023-04-24T18:27:20.892+0000] {logging_mixin.py:137} INFO - [2023-04-24T18:27:20.891+0000] {dag.py:3456} INFO - Setting next_dagrun for example_branch_operator to 2023-04-23T00:00:00+00:00, run_after=2023-04-24T00:00:00+00:00
[2023-04-24T18:27:20.919+0000] {processor.py:175} INFO - Processing /home/airflow/.local/lib/python3.7/site-packages/airflow/example_dags/example_branch_operator.py took 0.148 seconds
[2023-04-24T18:27:51.149+0000] {processor.py:153} INFO - Started process (PID=2184) to work on /home/airflow/.local/lib/python3.7/site-packages/airflow/example_dags/example_branch_operator.py
[2023-04-24T18:27:51.152+0000] {processor.py:743} INFO - Processing file /home/airflow/.local/lib/python3.7/site-packages/airflow/example_dags/example_branch_operator.py for tasks to queue
[2023-04-24T18:27:51.154+0000] {logging_mixin.py:137} INFO - [2023-04-24T18:27:51.154+0000] {dagbag.py:532} INFO - Filling up the DagBag from /home/airflow/.local/lib/python3.7/site-packages/airflow/example_dags/example_branch_operator.py
[2023-04-24T18:27:51.181+0000] {processor.py:753} INFO - DAG(s) dict_keys(['example_branch_operator']) retrieved from /home/airflow/.local/lib/python3.7/site-packages/airflow/example_dags/example_branch_operator.py
[2023-04-24T18:27:51.224+0000] {logging_mixin.py:137} INFO - [2023-04-24T18:27:51.224+0000] {dag.py:2705} INFO - Sync 1 DAGs
[2023-04-24T18:27:51.262+0000] {logging_mixin.py:137} INFO - [2023-04-24T18:27:51.262+0000] {dag.py:3456} INFO - Setting next_dagrun for example_branch_operator to 2023-04-23T00:00:00+00:00, run_after=2023-04-24T00:00:00+00:00
[2023-04-24T18:27:51.289+0000] {processor.py:175} INFO - Processing /home/airflow/.local/lib/python3.7/site-packages/airflow/example_dags/example_branch_operator.py took 0.148 seconds
[2023-04-24T18:28:21.630+0000] {processor.py:153} INFO - Started process (PID=2235) to work on /home/airflow/.local/lib/python3.7/site-packages/airflow/example_dags/example_branch_operator.py
[2023-04-24T18:28:21.633+0000] {processor.py:743} INFO - Processing file /home/airflow/.local/lib/python3.7/site-packages/airflow/example_dags/example_branch_operator.py for tasks to queue
[2023-04-24T18:28:21.635+0000] {logging_mixin.py:137} INFO - [2023-04-24T18:28:21.635+0000] {dagbag.py:532} INFO - Filling up the DagBag from /home/airflow/.local/lib/python3.7/site-packages/airflow/example_dags/example_branch_operator.py
[2023-04-24T18:28:21.658+0000] {processor.py:753} INFO - DAG(s) dict_keys(['example_branch_operator']) retrieved from /home/airflow/.local/lib/python3.7/site-packages/airflow/example_dags/example_branch_operator.py
[2023-04-24T18:28:21.697+0000] {logging_mixin.py:137} INFO - [2023-04-24T18:28:21.697+0000] {dag.py:2705} INFO - Sync 1 DAGs
[2023-04-24T18:28:21.734+0000] {logging_mixin.py:137} INFO - [2023-04-24T18:28:21.734+0000] {dag.py:3456} INFO - Setting next_dagrun for example_branch_operator to 2023-04-23T00:00:00+00:00, run_after=2023-04-24T00:00:00+00:00
[2023-04-24T18:28:21.759+0000] {processor.py:175} INFO - Processing /home/airflow/.local/lib/python3.7/site-packages/airflow/example_dags/example_branch_operator.py took 0.134 seconds
[2023-04-24T18:28:53.053+0000] {processor.py:153} INFO - Started process (PID=2286) to work on /home/airflow/.local/lib/python3.7/site-packages/airflow/example_dags/example_branch_operator.py
[2023-04-24T18:28:53.059+0000] {processor.py:743} INFO - Processing file /home/airflow/.local/lib/python3.7/site-packages/airflow/example_dags/example_branch_operator.py for tasks to queue
[2023-04-24T18:28:53.063+0000] {logging_mixin.py:137} INFO - [2023-04-24T18:28:53.062+0000] {dagbag.py:532} INFO - Filling up the DagBag from /home/airflow/.local/lib/python3.7/site-packages/airflow/example_dags/example_branch_operator.py
[2023-04-24T18:28:53.099+0000] {processor.py:753} INFO - DAG(s) dict_keys(['example_branch_operator']) retrieved from /home/airflow/.local/lib/python3.7/site-packages/airflow/example_dags/example_branch_operator.py
[2023-04-24T18:28:53.151+0000] {logging_mixin.py:137} INFO - [2023-04-24T18:28:53.151+0000] {dag.py:2705} INFO - Sync 1 DAGs
[2023-04-24T18:28:53.201+0000] {logging_mixin.py:137} INFO - [2023-04-24T18:28:53.201+0000] {dag.py:3456} INFO - Setting next_dagrun for example_branch_operator to 2023-04-23T00:00:00+00:00, run_after=2023-04-24T00:00:00+00:00
[2023-04-24T18:28:53.232+0000] {processor.py:175} INFO - Processing /home/airflow/.local/lib/python3.7/site-packages/airflow/example_dags/example_branch_operator.py took 0.186 seconds
[2023-04-24T18:29:23.597+0000] {processor.py:153} INFO - Started process (PID=2335) to work on /home/airflow/.local/lib/python3.7/site-packages/airflow/example_dags/example_branch_operator.py
[2023-04-24T18:29:23.603+0000] {processor.py:743} INFO - Processing file /home/airflow/.local/lib/python3.7/site-packages/airflow/example_dags/example_branch_operator.py for tasks to queue
[2023-04-24T18:29:23.607+0000] {logging_mixin.py:137} INFO - [2023-04-24T18:29:23.607+0000] {dagbag.py:532} INFO - Filling up the DagBag from /home/airflow/.local/lib/python3.7/site-packages/airflow/example_dags/example_branch_operator.py
[2023-04-24T18:29:23.669+0000] {processor.py:753} INFO - DAG(s) dict_keys(['example_branch_operator']) retrieved from /home/airflow/.local/lib/python3.7/site-packages/airflow/example_dags/example_branch_operator.py
[2023-04-24T18:29:23.737+0000] {logging_mixin.py:137} INFO - [2023-04-24T18:29:23.737+0000] {dag.py:2705} INFO - Sync 1 DAGs
[2023-04-24T18:29:23.785+0000] {logging_mixin.py:137} INFO - [2023-04-24T18:29:23.785+0000] {dag.py:3456} INFO - Setting next_dagrun for example_branch_operator to 2023-04-23T00:00:00+00:00, run_after=2023-04-24T00:00:00+00:00
[2023-04-24T18:29:23.819+0000] {processor.py:175} INFO - Processing /home/airflow/.local/lib/python3.7/site-packages/airflow/example_dags/example_branch_operator.py took 0.235 seconds
[2023-04-24T18:29:53.936+0000] {processor.py:153} INFO - Started process (PID=2386) to work on /home/airflow/.local/lib/python3.7/site-packages/airflow/example_dags/example_branch_operator.py
[2023-04-24T18:29:53.939+0000] {processor.py:743} INFO - Processing file /home/airflow/.local/lib/python3.7/site-packages/airflow/example_dags/example_branch_operator.py for tasks to queue
[2023-04-24T18:29:53.942+0000] {logging_mixin.py:137} INFO - [2023-04-24T18:29:53.941+0000] {dagbag.py:532} INFO - Filling up the DagBag from /home/airflow/.local/lib/python3.7/site-packages/airflow/example_dags/example_branch_operator.py
[2023-04-24T18:29:53.966+0000] {processor.py:753} INFO - DAG(s) dict_keys(['example_branch_operator']) retrieved from /home/airflow/.local/lib/python3.7/site-packages/airflow/example_dags/example_branch_operator.py
[2023-04-24T18:29:54.007+0000] {logging_mixin.py:137} INFO - [2023-04-24T18:29:54.006+0000] {dag.py:2705} INFO - Sync 1 DAGs
[2023-04-24T18:29:54.044+0000] {logging_mixin.py:137} INFO - [2023-04-24T18:29:54.044+0000] {dag.py:3456} INFO - Setting next_dagrun for example_branch_operator to 2023-04-23T00:00:00+00:00, run_after=2023-04-24T00:00:00+00:00
[2023-04-24T18:29:54.070+0000] {processor.py:175} INFO - Processing /home/airflow/.local/lib/python3.7/site-packages/airflow/example_dags/example_branch_operator.py took 0.141 seconds
[2023-04-24T18:30:24.739+0000] {processor.py:153} INFO - Started process (PID=2437) to work on /home/airflow/.local/lib/python3.7/site-packages/airflow/example_dags/example_branch_operator.py
[2023-04-24T18:30:24.744+0000] {processor.py:743} INFO - Processing file /home/airflow/.local/lib/python3.7/site-packages/airflow/example_dags/example_branch_operator.py for tasks to queue
[2023-04-24T18:30:24.746+0000] {logging_mixin.py:137} INFO - [2023-04-24T18:30:24.746+0000] {dagbag.py:532} INFO - Filling up the DagBag from /home/airflow/.local/lib/python3.7/site-packages/airflow/example_dags/example_branch_operator.py
[2023-04-24T18:30:24.773+0000] {processor.py:753} INFO - DAG(s) dict_keys(['example_branch_operator']) retrieved from /home/airflow/.local/lib/python3.7/site-packages/airflow/example_dags/example_branch_operator.py
[2023-04-24T18:30:24.813+0000] {logging_mixin.py:137} INFO - [2023-04-24T18:30:24.813+0000] {dag.py:2705} INFO - Sync 1 DAGs
[2023-04-24T18:30:24.849+0000] {logging_mixin.py:137} INFO - [2023-04-24T18:30:24.849+0000] {dag.py:3456} INFO - Setting next_dagrun for example_branch_operator to 2023-04-23T00:00:00+00:00, run_after=2023-04-24T00:00:00+00:00
[2023-04-24T18:30:24.875+0000] {processor.py:175} INFO - Processing /home/airflow/.local/lib/python3.7/site-packages/airflow/example_dags/example_branch_operator.py took 0.144 seconds
[2023-04-24T18:30:55.001+0000] {processor.py:153} INFO - Started process (PID=2488) to work on /home/airflow/.local/lib/python3.7/site-packages/airflow/example_dags/example_branch_operator.py
[2023-04-24T18:30:55.004+0000] {processor.py:743} INFO - Processing file /home/airflow/.local/lib/python3.7/site-packages/airflow/example_dags/example_branch_operator.py for tasks to queue
[2023-04-24T18:30:55.007+0000] {logging_mixin.py:137} INFO - [2023-04-24T18:30:55.007+0000] {dagbag.py:532} INFO - Filling up the DagBag from /home/airflow/.local/lib/python3.7/site-packages/airflow/example_dags/example_branch_operator.py
[2023-04-24T18:30:55.038+0000] {processor.py:753} INFO - DAG(s) dict_keys(['example_branch_operator']) retrieved from /home/airflow/.local/lib/python3.7/site-packages/airflow/example_dags/example_branch_operator.py
[2023-04-24T18:30:55.084+0000] {logging_mixin.py:137} INFO - [2023-04-24T18:30:55.083+0000] {dag.py:2705} INFO - Sync 1 DAGs
[2023-04-24T18:30:55.122+0000] {logging_mixin.py:137} INFO - [2023-04-24T18:30:55.122+0000] {dag.py:3456} INFO - Setting next_dagrun for example_branch_operator to 2023-04-23T00:00:00+00:00, run_after=2023-04-24T00:00:00+00:00
[2023-04-24T18:30:55.154+0000] {processor.py:175} INFO - Processing /home/airflow/.local/lib/python3.7/site-packages/airflow/example_dags/example_branch_operator.py took 0.160 seconds
[2023-04-24T18:31:25.317+0000] {processor.py:153} INFO - Started process (PID=2539) to work on /home/airflow/.local/lib/python3.7/site-packages/airflow/example_dags/example_branch_operator.py
[2023-04-24T18:31:25.320+0000] {processor.py:743} INFO - Processing file /home/airflow/.local/lib/python3.7/site-packages/airflow/example_dags/example_branch_operator.py for tasks to queue
[2023-04-24T18:31:25.323+0000] {logging_mixin.py:137} INFO - [2023-04-24T18:31:25.323+0000] {dagbag.py:532} INFO - Filling up the DagBag from /home/airflow/.local/lib/python3.7/site-packages/airflow/example_dags/example_branch_operator.py
[2023-04-24T18:31:25.366+0000] {processor.py:753} INFO - DAG(s) dict_keys(['example_branch_operator']) retrieved from /home/airflow/.local/lib/python3.7/site-packages/airflow/example_dags/example_branch_operator.py
[2023-04-24T18:31:25.414+0000] {logging_mixin.py:137} INFO - [2023-04-24T18:31:25.414+0000] {dag.py:2705} INFO - Sync 1 DAGs
[2023-04-24T18:31:25.456+0000] {logging_mixin.py:137} INFO - [2023-04-24T18:31:25.455+0000] {dag.py:3456} INFO - Setting next_dagrun for example_branch_operator to 2023-04-23T00:00:00+00:00, run_after=2023-04-24T00:00:00+00:00
[2023-04-24T18:31:25.484+0000] {processor.py:175} INFO - Processing /home/airflow/.local/lib/python3.7/site-packages/airflow/example_dags/example_branch_operator.py took 0.174 seconds
[2023-04-24T18:31:55.721+0000] {processor.py:153} INFO - Started process (PID=2590) to work on /home/airflow/.local/lib/python3.7/site-packages/airflow/example_dags/example_branch_operator.py
[2023-04-24T18:31:55.725+0000] {processor.py:743} INFO - Processing file /home/airflow/.local/lib/python3.7/site-packages/airflow/example_dags/example_branch_operator.py for tasks to queue
[2023-04-24T18:31:55.728+0000] {logging_mixin.py:137} INFO - [2023-04-24T18:31:55.728+0000] {dagbag.py:532} INFO - Filling up the DagBag from /home/airflow/.local/lib/python3.7/site-packages/airflow/example_dags/example_branch_operator.py
[2023-04-24T18:31:55.752+0000] {processor.py:753} INFO - DAG(s) dict_keys(['example_branch_operator']) retrieved from /home/airflow/.local/lib/python3.7/site-packages/airflow/example_dags/example_branch_operator.py
[2023-04-24T18:31:55.793+0000] {logging_mixin.py:137} INFO - [2023-04-24T18:31:55.793+0000] {dag.py:2705} INFO - Sync 1 DAGs
[2023-04-24T18:31:55.829+0000] {logging_mixin.py:137} INFO - [2023-04-24T18:31:55.829+0000] {dag.py:3456} INFO - Setting next_dagrun for example_branch_operator to 2023-04-23T00:00:00+00:00, run_after=2023-04-24T00:00:00+00:00
[2023-04-24T18:31:55.856+0000] {processor.py:175} INFO - Processing /home/airflow/.local/lib/python3.7/site-packages/airflow/example_dags/example_branch_operator.py took 0.141 seconds
